<?xml version="1.0" encoding="UTF-8"?>
<testsuite name="com.artreset.app.sample.controller.StandaloneTodoControllerTest" time="2.351" tests="15" errors="0" skipped="0" failures="0">
  <properties>
[...]
</properties>
  <testcase name="add_호출후_새로운항목이추가되고_상세화면으로렌더링되는지_테스트" classname="com.artreset.app.sample.controller.StandaloneTodoControllerTest" time="0.141"/>
  <testcase name="showUpdateTodoForm_주어진아이디의항목이없을경우_404화면으로렌더링되는지_테스트" classname="com.artreset.app.sample.controller.StandaloneTodoControllerTest" time="0.088"/>
  <testcase name="add_호출시_빈폼객를_넘겨주고_필수항목_title이_유효성에러를출력하는지_테스트" classname="com.artreset.app.sample.controller.StandaloneTodoControllerTest" time="0"/>
  <testcase name="update_title_description_길이가_너무길때_유효성에러를출력하는지_테스트" classname="com.artreset.app.sample.controller.StandaloneTodoControllerTest" time="0.03"/>
  <testcase name="update_호출시_주어진아이디로해당항목을찾고_해당항목을수정후_목록화면을렌더링하는지_테스트" classname="com.artreset.app.sample.controller.StandaloneTodoControllerTest" time="0.032"/>
  <testcase name="update_주어진아이디의항목이없을경우_404화면으로렌더링되는지_테스트" classname="com.artreset.app.sample.controller.StandaloneTodoControllerTest" time="0.052"/>
  <testcase name="showAddTodoForm_호출해_TODO_폼객체를_생성하고_화면에_렌더링하는지_테스트" classname="com.artreset.app.sample.controller.StandaloneTodoControllerTest" time="0.01"/>
  <testcase name="findById_호출시_주어진아이디로해당항목을찾고_상세화면으로렌더링되는지_테스트" classname="com.artreset.app.sample.controller.StandaloneTodoControllerTest" time="0.035"/>
  <testcase name="showUpdateTodoForm_호출되어_주어진아이디로해당항목을찾고_폼객체생성후_업데이트화면으로렌더링되는지_테스트" classname="com.artreset.app.sample.controller.StandaloneTodoControllerTest" time="1.241"/>
  <testcase name="add_호출시_title과description_길이가_너무길때_유효성에러를출력하는지_테스트" classname="com.artreset.app.sample.controller.StandaloneTodoControllerTest" time="0.205"/>
  <testcase name="findById_호출시_주어진아이디의항목이없을경우_404화면으로렌더링되는지_테스트" classname="com.artreset.app.sample.controller.StandaloneTodoControllerTest" time="0.203"/>
  <testcase name="deleteById_호출시_주어진아이디로해당항목을찾고_해당항목을삭제후_목록화면을렌더링하는지_테스트" classname="com.artreset.app.sample.controller.StandaloneTodoControllerTest" time="0.222"/>
  <testcase name="update__빈폼객를_넘겨주고_필수항목_title이_유효성에러를_반환하는지_테스트" classname="com.artreset.app.sample.controller.StandaloneTodoControllerTest" time="0.091"/>
  <testcase name="deleteById_호출시_주어진아이디의항목이없으면_404화면을렌더링하는지_테스트" classname="com.artreset.app.sample.controller.StandaloneTodoControllerTest" time="0"/>
  <testcase name="findAll_호출시_목록화면이렌더링되고_모든TODO항목이_모델에_존재하는지_테스트" classname="com.artreset.app.sample.controller.StandaloneTodoControllerTest" time="0.001"/>
</testsuite>