<?xml version="1.0" encoding="UTF-8"?>
<testsuite name="com.artreset.user.controller.RegistrationControllerTest" time="0.59" tests="14" errors="0" skipped="0" failures="11">
  <properties>
[...]
</properties>
  <testcase name="showRegistrationForm_SocialSignInWithAllValues_ShouldRenderRegistrationPageWithAllValuesSet" classname="com.artreset.user.controller.RegistrationControllerTest" time="0"/>
  <testcase name="registerUserAccount_NormalRegistrationAndPasswordMismatch_ShouldRenderRegistrationFormWithValidationErrors" classname="com.artreset.user.controller.RegistrationControllerTest" time="0">
    <failure message="Expected authentication to be &lt;null&gt; but was &lt;Mock for Authentication, hashCode: 165228&gt;." type="java.lang.AssertionError"><![CDATA[java.lang.AssertionError: Expected authentication to be <null> but was <Mock for Authentication, hashCode: 165228>.
	at org.fest.assertions.Fail.failure(Fail.java:228)
	at org.fest.assertions.Fail.fail(Fail.java:218)
	at org.fest.assertions.Fail.failWithMessage(Fail.java:177)
	at org.fest.assertions.Fail.failIfNotNull(Fail.java:129)
	at org.fest.assertions.GenericAssert.isNull(GenericAssert.java:56)
	at com.artreset.security.util.SecurityContextAssert.userIsAnonymous(SecurityContextAssert.java:31)
	at com.artreset.user.controller.RegistrationControllerTest.registerUserAccount_NormalRegistrationAndPasswordMismatch_ShouldRenderRegistrationFormWithValidationErrors(RegistrationControllerTest.java:255)
]]></failure>
    <system-out><![CDATA[DEBUG: org.springframework.test.annotation.ProfileValueUtils - Retrieved @ProfileValueSourceConfiguration [null] for test class [com.artreset.user.controller.RegistrationControllerTest]
DEBUG: org.springframework.test.annotation.ProfileValueUtils - Retrieved ProfileValueSource type [class org.springframework.test.annotation.SystemProfileValueSource] for class [com.artreset.user.controller.RegistrationControllerTest]
DEBUG: org.springframework.test.context.CacheAwareContextLoaderDelegate - Retrieved ApplicationContext from cache with key [[WebMergedContextConfiguration@11dd546 testClass = RegistrationControllerTest, locations = '{}', classes = '{class com.artreset.config.WebAppContext, class com.artreset.config.UnitTestContext}', contextInitializerClasses = '[]', activeProfiles = '{}', resourceBasePath = 'src/main/webapp', contextLoader = 'org.springframework.test.context.web.WebDelegatingSmartContextLoader', parent = [null]]].
DEBUG: org.springframework.test.context.web.ServletTestExecutionListener - Setting up MockHttpServletRequest, MockHttpServletResponse, ServletWebRequest, and RequestContextHolder for test context [DefaultTestContext@19d1044 testClass = RegistrationControllerTest, testInstance = com.artreset.user.controller.RegistrationControllerTest@f2ed42, testMethod = [null], testException = [null], mergedContextConfiguration = [WebMergedContextConfiguration@11dd546 testClass = RegistrationControllerTest, locations = '{}', classes = '{class com.artreset.config.WebAppContext, class com.artreset.config.UnitTestContext}', contextInitializerClasses = '[]', activeProfiles = '{}', resourceBasePath = 'src/main/webapp', contextLoader = 'org.springframework.test.context.web.WebDelegatingSmartContextLoader', parent = [null]]].
DEBUG: org.springframework.test.context.support.DependencyInjectionTestExecutionListener - Performing dependency injection for test context [[DefaultTestContext@19d1044 testClass = RegistrationControllerTest, testInstance = com.artreset.user.controller.RegistrationControllerTest@f2ed42, testMethod = [null], testException = [null], mergedContextConfiguration = [WebMergedContextConfiguration@11dd546 testClass = RegistrationControllerTest, locations = '{}', classes = '{class com.artreset.config.WebAppContext, class com.artreset.config.UnitTestContext}', contextInitializerClasses = '[]', activeProfiles = '{}', resourceBasePath = 'src/main/webapp', contextLoader = 'org.springframework.test.context.web.WebDelegatingSmartContextLoader', parent = [null]]]].
DEBUG: org.springframework.test.context.CacheAwareContextLoaderDelegate - Retrieved ApplicationContext from cache with key [[WebMergedContextConfiguration@11dd546 testClass = RegistrationControllerTest, locations = '{}', classes = '{class com.artreset.config.WebAppContext, class com.artreset.config.UnitTestContext}', contextInitializerClasses = '[]', activeProfiles = '{}', resourceBasePath = 'src/main/webapp', contextLoader = 'org.springframework.test.context.web.WebDelegatingSmartContextLoader', parent = [null]]].
DEBUG: org.springframework.test.web.servlet.TestDispatcherServlet - Initializing servlet ''
INFO : org.springframework.mock.web.MockServletContext - Initializing Spring FrameworkServlet ''
INFO : org.springframework.test.web.servlet.TestDispatcherServlet - FrameworkServlet '': initialization started
DEBUG: org.springframework.test.web.servlet.TestDispatcherServlet - Using MultipartResolver [org.springframework.web.multipart.commons.CommonsMultipartResolver@213e2c]
DEBUG: org.springframework.test.web.servlet.TestDispatcherServlet - Unable to locate LocaleResolver with name 'localeResolver': using default [org.springframework.web.servlet.i18n.AcceptHeaderLocaleResolver@1c63a8]
DEBUG: org.springframework.test.web.servlet.TestDispatcherServlet - Unable to locate ThemeResolver with name 'themeResolver': using default [org.springframework.web.servlet.theme.FixedThemeResolver@1d2d7c9]
DEBUG: org.springframework.test.web.servlet.TestDispatcherServlet - Unable to locate RequestToViewNameTranslator with name 'viewNameTranslator': using default [org.springframework.web.servlet.view.DefaultRequestToViewNameTranslator@154e5a6]
DEBUG: org.springframework.test.web.servlet.TestDispatcherServlet - Unable to locate FlashMapManager with name 'flashMapManager': using default [org.springframework.web.servlet.support.SessionFlashMapManager@b113b8]
DEBUG: org.springframework.test.web.servlet.TestDispatcherServlet - Published WebApplicationContext of servlet '' as ServletContext attribute with name [org.springframework.web.servlet.FrameworkServlet.CONTEXT.]
INFO : org.springframework.test.web.servlet.TestDispatcherServlet - FrameworkServlet '': initialization completed in 2 ms
DEBUG: org.springframework.test.web.servlet.TestDispatcherServlet - Servlet '' configured successfully
DEBUG: org.springframework.test.web.servlet.TestDispatcherServlet - DispatcherServlet with name '' processing POST request for [/user/register]
DEBUG: com.artreset.user.controller.RegistrationController - Registering user account with information: com.artreset.user.dto.RegistrationForm@1616f0a[email=john.smith@gmail.com,firstName=John,lastName=Smith,signInProvider=<null>]
DEBUG: com.artreset.user.controller.RegistrationController - Validation errors found. Rendering form view.
DEBUG: org.springframework.test.web.servlet.TestDispatcherServlet - Rendering view [org.springframework.web.servlet.view.JstlView: name 'user/registrationForm'; URL [/WEB-INF/views/user/registrationForm.jsp]] in DispatcherServlet with name ''
DEBUG: org.springframework.mock.web.MockRequestDispatcher - MockRequestDispatcher: forwarding to [/WEB-INF/views/user/registrationForm.jsp]
DEBUG: org.springframework.test.web.servlet.TestDispatcherServlet - Successfully completed request
DEBUG: org.springframework.test.context.support.DirtiesContextTestExecutionListener - After test method: context [DefaultTestContext@19d1044 testClass = RegistrationControllerTest, testInstance = com.artreset.user.controller.RegistrationControllerTest@f2ed42, testMethod = registerUserAccount_NormalRegistrationAndPasswordMismatch_ShouldRenderRegistrationFormWithValidationErrors@RegistrationControllerTest, testException = java.lang.AssertionError: Expected authentication to be <null> but was <Mock for Authentication, hashCode: 165228>., mergedContextConfiguration = [WebMergedContextConfiguration@11dd546 testClass = RegistrationControllerTest, locations = '{}', classes = '{class com.artreset.config.WebAppContext, class com.artreset.config.UnitTestContext}', contextInitializerClasses = '[]', activeProfiles = '{}', resourceBasePath = 'src/main/webapp', contextLoader = 'org.springframework.test.context.web.WebDelegatingSmartContextLoader', parent = [null]]], class dirties context [false], class mode [null], method dirties context [false].
DEBUG: org.springframework.test.context.web.ServletTestExecutionListener - Resetting RequestContextHolder for test context [DefaultTestContext@19d1044 testClass = RegistrationControllerTest, testInstance = com.artreset.user.controller.RegistrationControllerTest@f2ed42, testMethod = registerUserAccount_NormalRegistrationAndPasswordMismatch_ShouldRenderRegistrationFormWithValidationErrors@RegistrationControllerTest, testException = java.lang.AssertionError: Expected authentication to be <null> but was <Mock for Authentication, hashCode: 165228>., mergedContextConfiguration = [WebMergedContextConfiguration@11dd546 testClass = RegistrationControllerTest, locations = '{}', classes = '{class com.artreset.config.WebAppContext, class com.artreset.config.UnitTestContext}', contextInitializerClasses = '[]', activeProfiles = '{}', resourceBasePath = 'src/main/webapp', contextLoader = 'org.springframework.test.context.web.WebDelegatingSmartContextLoader', parent = [null]]].
]]></system-out>
  </testcase>
  <testcase name="registerUserAccount_SocialSignInAndTooLongValues_ShouldRenderRegistrationFormWithValidationErrors" classname="com.artreset.user.controller.RegistrationControllerTest" time="0">
    <failure message="Expected authentication to be &lt;null&gt; but was &lt;Mock for Authentication, hashCode: 165228&gt;." type="java.lang.AssertionError"><![CDATA[java.lang.AssertionError: Expected authentication to be <null> but was <Mock for Authentication, hashCode: 165228>.
	at org.fest.assertions.Fail.failure(Fail.java:228)
	at org.fest.assertions.Fail.fail(Fail.java:218)
	at org.fest.assertions.Fail.failWithMessage(Fail.java:177)
	at org.fest.assertions.Fail.failIfNotNull(Fail.java:129)
	at org.fest.assertions.GenericAssert.isNull(GenericAssert.java:56)
	at com.artreset.security.util.SecurityContextAssert.userIsAnonymous(SecurityContextAssert.java:31)
	at com.artreset.user.controller.RegistrationControllerTest.registerUserAccount_SocialSignInAndTooLongValues_ShouldRenderRegistrationFormWithValidationErrors(RegistrationControllerTest.java:453)
]]></failure>
    <system-out><![CDATA[DEBUG: org.springframework.test.annotation.ProfileValueUtils - Retrieved @ProfileValueSourceConfiguration [null] for test class [com.artreset.user.controller.RegistrationControllerTest]
DEBUG: org.springframework.test.annotation.ProfileValueUtils - Retrieved ProfileValueSource type [class org.springframework.test.annotation.SystemProfileValueSource] for class [com.artreset.user.controller.RegistrationControllerTest]
DEBUG: org.springframework.test.context.CacheAwareContextLoaderDelegate - Retrieved ApplicationContext from cache with key [[WebMergedContextConfiguration@11dd546 testClass = RegistrationControllerTest, locations = '{}', classes = '{class com.artreset.config.WebAppContext, class com.artreset.config.UnitTestContext}', contextInitializerClasses = '[]', activeProfiles = '{}', resourceBasePath = 'src/main/webapp', contextLoader = 'org.springframework.test.context.web.WebDelegatingSmartContextLoader', parent = [null]]].
DEBUG: org.springframework.test.context.web.ServletTestExecutionListener - Setting up MockHttpServletRequest, MockHttpServletResponse, ServletWebRequest, and RequestContextHolder for test context [DefaultTestContext@19d1044 testClass = RegistrationControllerTest, testInstance = com.artreset.user.controller.RegistrationControllerTest@185b615, testMethod = [null], testException = [null], mergedContextConfiguration = [WebMergedContextConfiguration@11dd546 testClass = RegistrationControllerTest, locations = '{}', classes = '{class com.artreset.config.WebAppContext, class com.artreset.config.UnitTestContext}', contextInitializerClasses = '[]', activeProfiles = '{}', resourceBasePath = 'src/main/webapp', contextLoader = 'org.springframework.test.context.web.WebDelegatingSmartContextLoader', parent = [null]]].
DEBUG: org.springframework.test.context.support.DependencyInjectionTestExecutionListener - Performing dependency injection for test context [[DefaultTestContext@19d1044 testClass = RegistrationControllerTest, testInstance = com.artreset.user.controller.RegistrationControllerTest@185b615, testMethod = [null], testException = [null], mergedContextConfiguration = [WebMergedContextConfiguration@11dd546 testClass = RegistrationControllerTest, locations = '{}', classes = '{class com.artreset.config.WebAppContext, class com.artreset.config.UnitTestContext}', contextInitializerClasses = '[]', activeProfiles = '{}', resourceBasePath = 'src/main/webapp', contextLoader = 'org.springframework.test.context.web.WebDelegatingSmartContextLoader', parent = [null]]]].
DEBUG: org.springframework.test.context.CacheAwareContextLoaderDelegate - Retrieved ApplicationContext from cache with key [[WebMergedContextConfiguration@11dd546 testClass = RegistrationControllerTest, locations = '{}', classes = '{class com.artreset.config.WebAppContext, class com.artreset.config.UnitTestContext}', contextInitializerClasses = '[]', activeProfiles = '{}', resourceBasePath = 'src/main/webapp', contextLoader = 'org.springframework.test.context.web.WebDelegatingSmartContextLoader', parent = [null]]].
DEBUG: org.springframework.test.web.servlet.TestDispatcherServlet - Initializing servlet ''
INFO : org.springframework.mock.web.MockServletContext - Initializing Spring FrameworkServlet ''
INFO : org.springframework.test.web.servlet.TestDispatcherServlet - FrameworkServlet '': initialization started
DEBUG: org.springframework.test.web.servlet.TestDispatcherServlet - Using MultipartResolver [org.springframework.web.multipart.commons.CommonsMultipartResolver@213e2c]
DEBUG: org.springframework.test.web.servlet.TestDispatcherServlet - Unable to locate LocaleResolver with name 'localeResolver': using default [org.springframework.web.servlet.i18n.AcceptHeaderLocaleResolver@1d253b7]
DEBUG: org.springframework.test.web.servlet.TestDispatcherServlet - Unable to locate ThemeResolver with name 'themeResolver': using default [org.springframework.web.servlet.theme.FixedThemeResolver@1763d58]
DEBUG: org.springframework.test.web.servlet.TestDispatcherServlet - Unable to locate RequestToViewNameTranslator with name 'viewNameTranslator': using default [org.springframework.web.servlet.view.DefaultRequestToViewNameTranslator@1b5810f]
DEBUG: org.springframework.test.web.servlet.TestDispatcherServlet - Unable to locate FlashMapManager with name 'flashMapManager': using default [org.springframework.web.servlet.support.SessionFlashMapManager@12c1219]
DEBUG: org.springframework.test.web.servlet.TestDispatcherServlet - Published WebApplicationContext of servlet '' as ServletContext attribute with name [org.springframework.web.servlet.FrameworkServlet.CONTEXT.]
INFO : org.springframework.test.web.servlet.TestDispatcherServlet - FrameworkServlet '': initialization completed in 1 ms
DEBUG: org.springframework.test.web.servlet.TestDispatcherServlet - Servlet '' configured successfully
DEBUG: org.springframework.test.web.servlet.TestDispatcherServlet - DispatcherServlet with name '' processing POST request for [/user/register]
DEBUG: com.artreset.user.controller.RegistrationController - Registering user account with information: com.artreset.user.dto.RegistrationForm@1b445a5[email=aaaaaaaaaaaaaaaaaaaaaaaaaaaaaaaaaaaaaaaaaaaaaaaaaaaaaaaaaaaaaaaaaaaaaaaaaaaaaaaaaaaaaaaaaaaaaaaaaaaaa,firstName=aaaaaaaaaaaaaaaaaaaaaaaaaaaaaaaaaaaaaaaaaaaaaaaaaaaaaaaaaaaaaaaaaaaaaaaaaaaaaaaaaaaaaaaaaaaaaaaaaaaaa,lastName=aaaaaaaaaaaaaaaaaaaaaaaaaaaaaaaaaaaaaaaaaaaaaaaaaaaaaaaaaaaaaaaaaaaaaaaaaaaaaaaaaaaaaaaaaaaaaaaaaaaaa,signInProvider=TWITTER]
DEBUG: com.artreset.user.controller.RegistrationController - Validation errors found. Rendering form view.
DEBUG: org.springframework.test.web.servlet.TestDispatcherServlet - Rendering view [org.springframework.web.servlet.view.JstlView: name 'user/registrationForm'; URL [/WEB-INF/views/user/registrationForm.jsp]] in DispatcherServlet with name ''
DEBUG: org.springframework.mock.web.MockRequestDispatcher - MockRequestDispatcher: forwarding to [/WEB-INF/views/user/registrationForm.jsp]
DEBUG: org.springframework.test.web.servlet.TestDispatcherServlet - Successfully completed request
DEBUG: org.springframework.test.context.support.DirtiesContextTestExecutionListener - After test method: context [DefaultTestContext@19d1044 testClass = RegistrationControllerTest, testInstance = com.artreset.user.controller.RegistrationControllerTest@185b615, testMethod = registerUserAccount_SocialSignInAndTooLongValues_ShouldRenderRegistrationFormWithValidationErrors@RegistrationControllerTest, testException = java.lang.AssertionError: Expected authentication to be <null> but was <Mock for Authentication, hashCode: 165228>., mergedContextConfiguration = [WebMergedContextConfiguration@11dd546 testClass = RegistrationControllerTest, locations = '{}', classes = '{class com.artreset.config.WebAppContext, class com.artreset.config.UnitTestContext}', contextInitializerClasses = '[]', activeProfiles = '{}', resourceBasePath = 'src/main/webapp', contextLoader = 'org.springframework.test.context.web.WebDelegatingSmartContextLoader', parent = [null]]], class dirties context [false], class mode [null], method dirties context [false].
DEBUG: org.springframework.test.context.web.ServletTestExecutionListener - Resetting RequestContextHolder for test context [DefaultTestContext@19d1044 testClass = RegistrationControllerTest, testInstance = com.artreset.user.controller.RegistrationControllerTest@185b615, testMethod = registerUserAccount_SocialSignInAndTooLongValues_ShouldRenderRegistrationFormWithValidationErrors@RegistrationControllerTest, testException = java.lang.AssertionError: Expected authentication to be <null> but was <Mock for Authentication, hashCode: 165228>., mergedContextConfiguration = [WebMergedContextConfiguration@11dd546 testClass = RegistrationControllerTest, locations = '{}', classes = '{class com.artreset.config.WebAppContext, class com.artreset.config.UnitTestContext}', contextInitializerClasses = '[]', activeProfiles = '{}', resourceBasePath = 'src/main/webapp', contextLoader = 'org.springframework.test.context.web.WebDelegatingSmartContextLoader', parent = [null]]].
]]></system-out>
  </testcase>
  <testcase name="registerUserAccount_NormalRegistrationAndTooLongValues_ShouldRenderRegistrationFormWithValidationErrors" classname="com.artreset.user.controller.RegistrationControllerTest" time="0.001">
    <failure message="Expected authentication to be &lt;null&gt; but was &lt;Mock for Authentication, hashCode: 165228&gt;." type="java.lang.AssertionError"><![CDATA[java.lang.AssertionError: Expected authentication to be <null> but was <Mock for Authentication, hashCode: 165228>.
	at org.fest.assertions.Fail.failure(Fail.java:228)
	at org.fest.assertions.Fail.fail(Fail.java:218)
	at org.fest.assertions.Fail.failWithMessage(Fail.java:177)
	at org.fest.assertions.Fail.failIfNotNull(Fail.java:129)
	at org.fest.assertions.GenericAssert.isNull(GenericAssert.java:56)
	at com.artreset.security.util.SecurityContextAssert.userIsAnonymous(SecurityContextAssert.java:31)
	at com.artreset.user.controller.RegistrationControllerTest.registerUserAccount_NormalRegistrationAndTooLongValues_ShouldRenderRegistrationFormWithValidationErrors(RegistrationControllerTest.java:224)
]]></failure>
    <system-out><![CDATA[DEBUG: org.springframework.test.annotation.ProfileValueUtils - Retrieved @ProfileValueSourceConfiguration [null] for test class [com.artreset.user.controller.RegistrationControllerTest]
DEBUG: org.springframework.test.annotation.ProfileValueUtils - Retrieved ProfileValueSource type [class org.springframework.test.annotation.SystemProfileValueSource] for class [com.artreset.user.controller.RegistrationControllerTest]
DEBUG: org.springframework.test.context.CacheAwareContextLoaderDelegate - Retrieved ApplicationContext from cache with key [[WebMergedContextConfiguration@11dd546 testClass = RegistrationControllerTest, locations = '{}', classes = '{class com.artreset.config.WebAppContext, class com.artreset.config.UnitTestContext}', contextInitializerClasses = '[]', activeProfiles = '{}', resourceBasePath = 'src/main/webapp', contextLoader = 'org.springframework.test.context.web.WebDelegatingSmartContextLoader', parent = [null]]].
DEBUG: org.springframework.test.context.web.ServletTestExecutionListener - Setting up MockHttpServletRequest, MockHttpServletResponse, ServletWebRequest, and RequestContextHolder for test context [DefaultTestContext@19d1044 testClass = RegistrationControllerTest, testInstance = com.artreset.user.controller.RegistrationControllerTest@486c1a, testMethod = [null], testException = [null], mergedContextConfiguration = [WebMergedContextConfiguration@11dd546 testClass = RegistrationControllerTest, locations = '{}', classes = '{class com.artreset.config.WebAppContext, class com.artreset.config.UnitTestContext}', contextInitializerClasses = '[]', activeProfiles = '{}', resourceBasePath = 'src/main/webapp', contextLoader = 'org.springframework.test.context.web.WebDelegatingSmartContextLoader', parent = [null]]].
DEBUG: org.springframework.test.context.support.DependencyInjectionTestExecutionListener - Performing dependency injection for test context [[DefaultTestContext@19d1044 testClass = RegistrationControllerTest, testInstance = com.artreset.user.controller.RegistrationControllerTest@486c1a, testMethod = [null], testException = [null], mergedContextConfiguration = [WebMergedContextConfiguration@11dd546 testClass = RegistrationControllerTest, locations = '{}', classes = '{class com.artreset.config.WebAppContext, class com.artreset.config.UnitTestContext}', contextInitializerClasses = '[]', activeProfiles = '{}', resourceBasePath = 'src/main/webapp', contextLoader = 'org.springframework.test.context.web.WebDelegatingSmartContextLoader', parent = [null]]]].
DEBUG: org.springframework.test.context.CacheAwareContextLoaderDelegate - Retrieved ApplicationContext from cache with key [[WebMergedContextConfiguration@11dd546 testClass = RegistrationControllerTest, locations = '{}', classes = '{class com.artreset.config.WebAppContext, class com.artreset.config.UnitTestContext}', contextInitializerClasses = '[]', activeProfiles = '{}', resourceBasePath = 'src/main/webapp', contextLoader = 'org.springframework.test.context.web.WebDelegatingSmartContextLoader', parent = [null]]].
DEBUG: org.springframework.test.web.servlet.TestDispatcherServlet - Initializing servlet ''
INFO : org.springframework.mock.web.MockServletContext - Initializing Spring FrameworkServlet ''
INFO : org.springframework.test.web.servlet.TestDispatcherServlet - FrameworkServlet '': initialization started
DEBUG: org.springframework.test.web.servlet.TestDispatcherServlet - Using MultipartResolver [org.springframework.web.multipart.commons.CommonsMultipartResolver@213e2c]
DEBUG: org.springframework.test.web.servlet.TestDispatcherServlet - Unable to locate LocaleResolver with name 'localeResolver': using default [org.springframework.web.servlet.i18n.AcceptHeaderLocaleResolver@1988d3f]
DEBUG: org.springframework.test.web.servlet.TestDispatcherServlet - Unable to locate ThemeResolver with name 'themeResolver': using default [org.springframework.web.servlet.theme.FixedThemeResolver@615213]
DEBUG: org.springframework.test.web.servlet.TestDispatcherServlet - Unable to locate RequestToViewNameTranslator with name 'viewNameTranslator': using default [org.springframework.web.servlet.view.DefaultRequestToViewNameTranslator@1539d30]
DEBUG: org.springframework.test.web.servlet.TestDispatcherServlet - Unable to locate FlashMapManager with name 'flashMapManager': using default [org.springframework.web.servlet.support.SessionFlashMapManager@74e821]
DEBUG: org.springframework.test.web.servlet.TestDispatcherServlet - Published WebApplicationContext of servlet '' as ServletContext attribute with name [org.springframework.web.servlet.FrameworkServlet.CONTEXT.]
INFO : org.springframework.test.web.servlet.TestDispatcherServlet - FrameworkServlet '': initialization completed in 2 ms
DEBUG: org.springframework.test.web.servlet.TestDispatcherServlet - Servlet '' configured successfully
DEBUG: org.springframework.test.web.servlet.TestDispatcherServlet - DispatcherServlet with name '' processing POST request for [/user/register]
DEBUG: com.artreset.user.controller.RegistrationController - Registering user account with information: com.artreset.user.dto.RegistrationForm@133cec2[email=aaaaaaaaaaaaaaaaaaaaaaaaaaaaaaaaaaaaaaaaaaaaaaaaaaaaaaaaaaaaaaaaaaaaaaaaaaaaaaaaaaaaaaaaaaaaaaaaaaaaa,firstName=aaaaaaaaaaaaaaaaaaaaaaaaaaaaaaaaaaaaaaaaaaaaaaaaaaaaaaaaaaaaaaaaaaaaaaaaaaaaaaaaaaaaaaaaaaaaaaaaaaaaa,lastName=aaaaaaaaaaaaaaaaaaaaaaaaaaaaaaaaaaaaaaaaaaaaaaaaaaaaaaaaaaaaaaaaaaaaaaaaaaaaaaaaaaaaaaaaaaaaaaaaaaaaa,signInProvider=<null>]
DEBUG: com.artreset.user.controller.RegistrationController - Validation errors found. Rendering form view.
DEBUG: org.springframework.test.web.servlet.TestDispatcherServlet - Rendering view [org.springframework.web.servlet.view.JstlView: name 'user/registrationForm'; URL [/WEB-INF/views/user/registrationForm.jsp]] in DispatcherServlet with name ''
DEBUG: org.springframework.mock.web.MockRequestDispatcher - MockRequestDispatcher: forwarding to [/WEB-INF/views/user/registrationForm.jsp]
DEBUG: org.springframework.test.web.servlet.TestDispatcherServlet - Successfully completed request
DEBUG: org.springframework.test.context.support.DirtiesContextTestExecutionListener - After test method: context [DefaultTestContext@19d1044 testClass = RegistrationControllerTest, testInstance = com.artreset.user.controller.RegistrationControllerTest@486c1a, testMethod = registerUserAccount_NormalRegistrationAndTooLongValues_ShouldRenderRegistrationFormWithValidationErrors@RegistrationControllerTest, testException = java.lang.AssertionError: Expected authentication to be <null> but was <Mock for Authentication, hashCode: 165228>., mergedContextConfiguration = [WebMergedContextConfiguration@11dd546 testClass = RegistrationControllerTest, locations = '{}', classes = '{class com.artreset.config.WebAppContext, class com.artreset.config.UnitTestContext}', contextInitializerClasses = '[]', activeProfiles = '{}', resourceBasePath = 'src/main/webapp', contextLoader = 'org.springframework.test.context.web.WebDelegatingSmartContextLoader', parent = [null]]], class dirties context [false], class mode [null], method dirties context [false].
DEBUG: org.springframework.test.context.web.ServletTestExecutionListener - Resetting RequestContextHolder for test context [DefaultTestContext@19d1044 testClass = RegistrationControllerTest, testInstance = com.artreset.user.controller.RegistrationControllerTest@486c1a, testMethod = registerUserAccount_NormalRegistrationAndTooLongValues_ShouldRenderRegistrationFormWithValidationErrors@RegistrationControllerTest, testException = java.lang.AssertionError: Expected authentication to be <null> but was <Mock for Authentication, hashCode: 165228>., mergedContextConfiguration = [WebMergedContextConfiguration@11dd546 testClass = RegistrationControllerTest, locations = '{}', classes = '{class com.artreset.config.WebAppContext, class com.artreset.config.UnitTestContext}', contextInitializerClasses = '[]', activeProfiles = '{}', resourceBasePath = 'src/main/webapp', contextLoader = 'org.springframework.test.context.web.WebDelegatingSmartContextLoader', parent = [null]]].
]]></system-out>
  </testcase>
  <testcase name="registerUserAccount_SocialSignInAndEmailExist_ShouldRenderRegistrationFormWithFieldError" classname="com.artreset.user.controller.RegistrationControllerTest" time="0">
    <failure message="Expected authentication to be &lt;null&gt; but was &lt;Mock for Authentication, hashCode: 165228&gt;." type="java.lang.AssertionError"><![CDATA[java.lang.AssertionError: Expected authentication to be <null> but was <Mock for Authentication, hashCode: 165228>.
	at org.fest.assertions.Fail.failure(Fail.java:228)
	at org.fest.assertions.Fail.fail(Fail.java:218)
	at org.fest.assertions.Fail.failWithMessage(Fail.java:177)
	at org.fest.assertions.Fail.failIfNotNull(Fail.java:129)
	at org.fest.assertions.GenericAssert.isNull(GenericAssert.java:56)
	at com.artreset.security.util.SecurityContextAssert.userIsAnonymous(SecurityContextAssert.java:31)
	at com.artreset.user.controller.RegistrationControllerTest.registerUserAccount_SocialSignInAndEmailExist_ShouldRenderRegistrationFormWithFieldError(RegistrationControllerTest.java:531)
]]></failure>
    <system-out><![CDATA[DEBUG: org.springframework.test.annotation.ProfileValueUtils - Retrieved @ProfileValueSourceConfiguration [null] for test class [com.artreset.user.controller.RegistrationControllerTest]
DEBUG: org.springframework.test.annotation.ProfileValueUtils - Retrieved ProfileValueSource type [class org.springframework.test.annotation.SystemProfileValueSource] for class [com.artreset.user.controller.RegistrationControllerTest]
DEBUG: org.springframework.test.context.CacheAwareContextLoaderDelegate - Retrieved ApplicationContext from cache with key [[WebMergedContextConfiguration@11dd546 testClass = RegistrationControllerTest, locations = '{}', classes = '{class com.artreset.config.WebAppContext, class com.artreset.config.UnitTestContext}', contextInitializerClasses = '[]', activeProfiles = '{}', resourceBasePath = 'src/main/webapp', contextLoader = 'org.springframework.test.context.web.WebDelegatingSmartContextLoader', parent = [null]]].
DEBUG: org.springframework.test.context.web.ServletTestExecutionListener - Setting up MockHttpServletRequest, MockHttpServletResponse, ServletWebRequest, and RequestContextHolder for test context [DefaultTestContext@19d1044 testClass = RegistrationControllerTest, testInstance = com.artreset.user.controller.RegistrationControllerTest@4b61bf, testMethod = [null], testException = [null], mergedContextConfiguration = [WebMergedContextConfiguration@11dd546 testClass = RegistrationControllerTest, locations = '{}', classes = '{class com.artreset.config.WebAppContext, class com.artreset.config.UnitTestContext}', contextInitializerClasses = '[]', activeProfiles = '{}', resourceBasePath = 'src/main/webapp', contextLoader = 'org.springframework.test.context.web.WebDelegatingSmartContextLoader', parent = [null]]].
DEBUG: org.springframework.test.context.support.DependencyInjectionTestExecutionListener - Performing dependency injection for test context [[DefaultTestContext@19d1044 testClass = RegistrationControllerTest, testInstance = com.artreset.user.controller.RegistrationControllerTest@4b61bf, testMethod = [null], testException = [null], mergedContextConfiguration = [WebMergedContextConfiguration@11dd546 testClass = RegistrationControllerTest, locations = '{}', classes = '{class com.artreset.config.WebAppContext, class com.artreset.config.UnitTestContext}', contextInitializerClasses = '[]', activeProfiles = '{}', resourceBasePath = 'src/main/webapp', contextLoader = 'org.springframework.test.context.web.WebDelegatingSmartContextLoader', parent = [null]]]].
DEBUG: org.springframework.test.context.CacheAwareContextLoaderDelegate - Retrieved ApplicationContext from cache with key [[WebMergedContextConfiguration@11dd546 testClass = RegistrationControllerTest, locations = '{}', classes = '{class com.artreset.config.WebAppContext, class com.artreset.config.UnitTestContext}', contextInitializerClasses = '[]', activeProfiles = '{}', resourceBasePath = 'src/main/webapp', contextLoader = 'org.springframework.test.context.web.WebDelegatingSmartContextLoader', parent = [null]]].
DEBUG: org.springframework.test.web.servlet.TestDispatcherServlet - Initializing servlet ''
INFO : org.springframework.mock.web.MockServletContext - Initializing Spring FrameworkServlet ''
INFO : org.springframework.test.web.servlet.TestDispatcherServlet - FrameworkServlet '': initialization started
DEBUG: org.springframework.test.web.servlet.TestDispatcherServlet - Using MultipartResolver [org.springframework.web.multipart.commons.CommonsMultipartResolver@213e2c]
DEBUG: org.springframework.test.web.servlet.TestDispatcherServlet - Unable to locate LocaleResolver with name 'localeResolver': using default [org.springframework.web.servlet.i18n.AcceptHeaderLocaleResolver@19a3ff4]
DEBUG: org.springframework.test.web.servlet.TestDispatcherServlet - Unable to locate ThemeResolver with name 'themeResolver': using default [org.springframework.web.servlet.theme.FixedThemeResolver@1dcc07b]
DEBUG: org.springframework.test.web.servlet.TestDispatcherServlet - Unable to locate RequestToViewNameTranslator with name 'viewNameTranslator': using default [org.springframework.web.servlet.view.DefaultRequestToViewNameTranslator@1e10cd1]
DEBUG: org.springframework.test.web.servlet.TestDispatcherServlet - Unable to locate FlashMapManager with name 'flashMapManager': using default [org.springframework.web.servlet.support.SessionFlashMapManager@10a9cd]
DEBUG: org.springframework.test.web.servlet.TestDispatcherServlet - Published WebApplicationContext of servlet '' as ServletContext attribute with name [org.springframework.web.servlet.FrameworkServlet.CONTEXT.]
INFO : org.springframework.test.web.servlet.TestDispatcherServlet - FrameworkServlet '': initialization completed in 2 ms
DEBUG: org.springframework.test.web.servlet.TestDispatcherServlet - Servlet '' configured successfully
DEBUG: org.springframework.test.web.servlet.TestDispatcherServlet - DispatcherServlet with name '' processing POST request for [/user/register]
DEBUG: com.artreset.user.controller.RegistrationController - Registering user account with information: com.artreset.user.dto.RegistrationForm@1b6e314[email=john.smith@gmail.com,firstName=John,lastName=Smith,signInProvider=TWITTER]
DEBUG: com.artreset.user.controller.RegistrationController - No validation errors found. Continuing registration process.
DEBUG: com.artreset.user.controller.RegistrationController - Creating user account with information: com.artreset.user.dto.RegistrationForm@1b6e314[email=john.smith@gmail.com,firstName=John,lastName=Smith,signInProvider=TWITTER]
DEBUG: com.artreset.user.controller.RegistrationController - An email address: john.smith@gmail.com exists.
DEBUG: com.artreset.user.controller.RegistrationController - Adding field error object's: user field: NotExist.user.email with error code: {}
DEBUG: com.artreset.user.controller.RegistrationController - Added field error: Field error in object 'user' on field 'email': rejected value [john.smith@gmail.com]; codes [NotExist.user.email]; arguments []; default message [NotExist.user.email] to binding result: org.springframework.validation.BeanPropertyBindingResult: 1 errors
Field error in object 'user' on field 'email': rejected value [john.smith@gmail.com]; codes [NotExist.user.email]; arguments []; default message [NotExist.user.email]
DEBUG: com.artreset.user.controller.RegistrationController - An email address was found from the database. Rendering form view.
DEBUG: org.springframework.test.web.servlet.TestDispatcherServlet - Rendering view [org.springframework.web.servlet.view.JstlView: name 'user/registrationForm'; URL [/WEB-INF/views/user/registrationForm.jsp]] in DispatcherServlet with name ''
DEBUG: org.springframework.mock.web.MockRequestDispatcher - MockRequestDispatcher: forwarding to [/WEB-INF/views/user/registrationForm.jsp]
DEBUG: org.springframework.test.web.servlet.TestDispatcherServlet - Successfully completed request
DEBUG: org.springframework.test.context.support.DirtiesContextTestExecutionListener - After test method: context [DefaultTestContext@19d1044 testClass = RegistrationControllerTest, testInstance = com.artreset.user.controller.RegistrationControllerTest@4b61bf, testMethod = registerUserAccount_SocialSignInAndEmailExist_ShouldRenderRegistrationFormWithFieldError@RegistrationControllerTest, testException = java.lang.AssertionError: Expected authentication to be <null> but was <Mock for Authentication, hashCode: 165228>., mergedContextConfiguration = [WebMergedContextConfiguration@11dd546 testClass = RegistrationControllerTest, locations = '{}', classes = '{class com.artreset.config.WebAppContext, class com.artreset.config.UnitTestContext}', contextInitializerClasses = '[]', activeProfiles = '{}', resourceBasePath = 'src/main/webapp', contextLoader = 'org.springframework.test.context.web.WebDelegatingSmartContextLoader', parent = [null]]], class dirties context [false], class mode [null], method dirties context [false].
DEBUG: org.springframework.test.context.web.ServletTestExecutionListener - Resetting RequestContextHolder for test context [DefaultTestContext@19d1044 testClass = RegistrationControllerTest, testInstance = com.artreset.user.controller.RegistrationControllerTest@4b61bf, testMethod = registerUserAccount_SocialSignInAndEmailExist_ShouldRenderRegistrationFormWithFieldError@RegistrationControllerTest, testException = java.lang.AssertionError: Expected authentication to be <null> but was <Mock for Authentication, hashCode: 165228>., mergedContextConfiguration = [WebMergedContextConfiguration@11dd546 testClass = RegistrationControllerTest, locations = '{}', classes = '{class com.artreset.config.WebAppContext, class com.artreset.config.UnitTestContext}', contextInitializerClasses = '[]', activeProfiles = '{}', resourceBasePath = 'src/main/webapp', contextLoader = 'org.springframework.test.context.web.WebDelegatingSmartContextLoader', parent = [null]]].
]]></system-out>
  </testcase>
  <testcase name="registerUserAccount_SocialSignInAndMalformedEmail_ShouldRenderRegistrationFormWithValidationError" classname="com.artreset.user.controller.RegistrationControllerTest" time="0">
    <failure message="Expected authentication to be &lt;null&gt; but was &lt;Mock for Authentication, hashCode: 165228&gt;." type="java.lang.AssertionError"><![CDATA[java.lang.AssertionError: Expected authentication to be <null> but was <Mock for Authentication, hashCode: 165228>.
	at org.fest.assertions.Fail.failure(Fail.java:228)
	at org.fest.assertions.Fail.fail(Fail.java:218)
	at org.fest.assertions.Fail.failWithMessage(Fail.java:177)
	at org.fest.assertions.Fail.failIfNotNull(Fail.java:129)
	at org.fest.assertions.GenericAssert.isNull(GenericAssert.java:56)
	at com.artreset.security.util.SecurityContextAssert.userIsAnonymous(SecurityContextAssert.java:31)
	at com.artreset.user.controller.RegistrationControllerTest.registerUserAccount_SocialSignInAndMalformedEmail_ShouldRenderRegistrationFormWithValidationError(RegistrationControllerTest.java:491)
]]></failure>
    <system-out><![CDATA[DEBUG: org.springframework.test.annotation.ProfileValueUtils - Retrieved @ProfileValueSourceConfiguration [null] for test class [com.artreset.user.controller.RegistrationControllerTest]
DEBUG: org.springframework.test.annotation.ProfileValueUtils - Retrieved ProfileValueSource type [class org.springframework.test.annotation.SystemProfileValueSource] for class [com.artreset.user.controller.RegistrationControllerTest]
DEBUG: org.springframework.test.context.CacheAwareContextLoaderDelegate - Retrieved ApplicationContext from cache with key [[WebMergedContextConfiguration@11dd546 testClass = RegistrationControllerTest, locations = '{}', classes = '{class com.artreset.config.WebAppContext, class com.artreset.config.UnitTestContext}', contextInitializerClasses = '[]', activeProfiles = '{}', resourceBasePath = 'src/main/webapp', contextLoader = 'org.springframework.test.context.web.WebDelegatingSmartContextLoader', parent = [null]]].
DEBUG: org.springframework.test.context.web.ServletTestExecutionListener - Setting up MockHttpServletRequest, MockHttpServletResponse, ServletWebRequest, and RequestContextHolder for test context [DefaultTestContext@19d1044 testClass = RegistrationControllerTest, testInstance = com.artreset.user.controller.RegistrationControllerTest@166aa35, testMethod = [null], testException = [null], mergedContextConfiguration = [WebMergedContextConfiguration@11dd546 testClass = RegistrationControllerTest, locations = '{}', classes = '{class com.artreset.config.WebAppContext, class com.artreset.config.UnitTestContext}', contextInitializerClasses = '[]', activeProfiles = '{}', resourceBasePath = 'src/main/webapp', contextLoader = 'org.springframework.test.context.web.WebDelegatingSmartContextLoader', parent = [null]]].
DEBUG: org.springframework.test.context.support.DependencyInjectionTestExecutionListener - Performing dependency injection for test context [[DefaultTestContext@19d1044 testClass = RegistrationControllerTest, testInstance = com.artreset.user.controller.RegistrationControllerTest@166aa35, testMethod = [null], testException = [null], mergedContextConfiguration = [WebMergedContextConfiguration@11dd546 testClass = RegistrationControllerTest, locations = '{}', classes = '{class com.artreset.config.WebAppContext, class com.artreset.config.UnitTestContext}', contextInitializerClasses = '[]', activeProfiles = '{}', resourceBasePath = 'src/main/webapp', contextLoader = 'org.springframework.test.context.web.WebDelegatingSmartContextLoader', parent = [null]]]].
DEBUG: org.springframework.test.context.CacheAwareContextLoaderDelegate - Retrieved ApplicationContext from cache with key [[WebMergedContextConfiguration@11dd546 testClass = RegistrationControllerTest, locations = '{}', classes = '{class com.artreset.config.WebAppContext, class com.artreset.config.UnitTestContext}', contextInitializerClasses = '[]', activeProfiles = '{}', resourceBasePath = 'src/main/webapp', contextLoader = 'org.springframework.test.context.web.WebDelegatingSmartContextLoader', parent = [null]]].
DEBUG: org.springframework.test.web.servlet.TestDispatcherServlet - Initializing servlet ''
INFO : org.springframework.mock.web.MockServletContext - Initializing Spring FrameworkServlet ''
INFO : org.springframework.test.web.servlet.TestDispatcherServlet - FrameworkServlet '': initialization started
DEBUG: org.springframework.test.web.servlet.TestDispatcherServlet - Using MultipartResolver [org.springframework.web.multipart.commons.CommonsMultipartResolver@213e2c]
DEBUG: org.springframework.test.web.servlet.TestDispatcherServlet - Unable to locate LocaleResolver with name 'localeResolver': using default [org.springframework.web.servlet.i18n.AcceptHeaderLocaleResolver@1dac981]
DEBUG: org.springframework.test.web.servlet.TestDispatcherServlet - Unable to locate ThemeResolver with name 'themeResolver': using default [org.springframework.web.servlet.theme.FixedThemeResolver@e3644a]
DEBUG: org.springframework.test.web.servlet.TestDispatcherServlet - Unable to locate RequestToViewNameTranslator with name 'viewNameTranslator': using default [org.springframework.web.servlet.view.DefaultRequestToViewNameTranslator@cd5aa1]
DEBUG: org.springframework.test.web.servlet.TestDispatcherServlet - Unable to locate FlashMapManager with name 'flashMapManager': using default [org.springframework.web.servlet.support.SessionFlashMapManager@1f93f03]
DEBUG: org.springframework.test.web.servlet.TestDispatcherServlet - Published WebApplicationContext of servlet '' as ServletContext attribute with name [org.springframework.web.servlet.FrameworkServlet.CONTEXT.]
INFO : org.springframework.test.web.servlet.TestDispatcherServlet - FrameworkServlet '': initialization completed in 1 ms
DEBUG: org.springframework.test.web.servlet.TestDispatcherServlet - Servlet '' configured successfully
DEBUG: org.springframework.test.web.servlet.TestDispatcherServlet - DispatcherServlet with name '' processing POST request for [/user/register]
DEBUG: com.artreset.user.controller.RegistrationController - Registering user account with information: com.artreset.user.dto.RegistrationForm@97fec5[email=john.smithatgmail.com,firstName=John,lastName=Smith,signInProvider=TWITTER]
DEBUG: com.artreset.user.controller.RegistrationController - Validation errors found. Rendering form view.
DEBUG: org.springframework.test.web.servlet.TestDispatcherServlet - Rendering view [org.springframework.web.servlet.view.JstlView: name 'user/registrationForm'; URL [/WEB-INF/views/user/registrationForm.jsp]] in DispatcherServlet with name ''
DEBUG: org.springframework.mock.web.MockRequestDispatcher - MockRequestDispatcher: forwarding to [/WEB-INF/views/user/registrationForm.jsp]
DEBUG: org.springframework.test.web.servlet.TestDispatcherServlet - Successfully completed request
DEBUG: org.springframework.test.context.support.DirtiesContextTestExecutionListener - After test method: context [DefaultTestContext@19d1044 testClass = RegistrationControllerTest, testInstance = com.artreset.user.controller.RegistrationControllerTest@166aa35, testMethod = registerUserAccount_SocialSignInAndMalformedEmail_ShouldRenderRegistrationFormWithValidationError@RegistrationControllerTest, testException = java.lang.AssertionError: Expected authentication to be <null> but was <Mock for Authentication, hashCode: 165228>., mergedContextConfiguration = [WebMergedContextConfiguration@11dd546 testClass = RegistrationControllerTest, locations = '{}', classes = '{class com.artreset.config.WebAppContext, class com.artreset.config.UnitTestContext}', contextInitializerClasses = '[]', activeProfiles = '{}', resourceBasePath = 'src/main/webapp', contextLoader = 'org.springframework.test.context.web.WebDelegatingSmartContextLoader', parent = [null]]], class dirties context [false], class mode [null], method dirties context [false].
DEBUG: org.springframework.test.context.web.ServletTestExecutionListener - Resetting RequestContextHolder for test context [DefaultTestContext@19d1044 testClass = RegistrationControllerTest, testInstance = com.artreset.user.controller.RegistrationControllerTest@166aa35, testMethod = registerUserAccount_SocialSignInAndMalformedEmail_ShouldRenderRegistrationFormWithValidationError@RegistrationControllerTest, testException = java.lang.AssertionError: Expected authentication to be <null> but was <Mock for Authentication, hashCode: 165228>., mergedContextConfiguration = [WebMergedContextConfiguration@11dd546 testClass = RegistrationControllerTest, locations = '{}', classes = '{class com.artreset.config.WebAppContext, class com.artreset.config.UnitTestContext}', contextInitializerClasses = '[]', activeProfiles = '{}', resourceBasePath = 'src/main/webapp', contextLoader = 'org.springframework.test.context.web.WebDelegatingSmartContextLoader', parent = [null]]].
]]></system-out>
  </testcase>
  <testcase name="showRegistrationForm_NormalRegistration_ShouldRenderRegistrationPageWithEmptyForm" classname="com.artreset.user.controller.RegistrationControllerTest" time="0"/>
  <testcase name="registerUserAccount_NormalRegistrationAndMalformedEmail_ShouldRenderRegistrationFormWithValidationError" classname="com.artreset.user.controller.RegistrationControllerTest" time="0.001">
    <failure message="Expected authentication to be &lt;null&gt; but was &lt;Mock for Authentication, hashCode: 165228&gt;." type="java.lang.AssertionError"><![CDATA[java.lang.AssertionError: Expected authentication to be <null> but was <Mock for Authentication, hashCode: 165228>.
	at org.fest.assertions.Fail.failure(Fail.java:228)
	at org.fest.assertions.Fail.fail(Fail.java:218)
	at org.fest.assertions.Fail.failWithMessage(Fail.java:177)
	at org.fest.assertions.Fail.failIfNotNull(Fail.java:129)
	at org.fest.assertions.GenericAssert.isNull(GenericAssert.java:56)
	at com.artreset.security.util.SecurityContextAssert.userIsAnonymous(SecurityContextAssert.java:31)
	at com.artreset.user.controller.RegistrationControllerTest.registerUserAccount_NormalRegistrationAndMalformedEmail_ShouldRenderRegistrationFormWithValidationError(RegistrationControllerTest.java:325)
]]></failure>
    <system-out><![CDATA[DEBUG: org.springframework.test.annotation.ProfileValueUtils - Retrieved @ProfileValueSourceConfiguration [null] for test class [com.artreset.user.controller.RegistrationControllerTest]
DEBUG: org.springframework.test.annotation.ProfileValueUtils - Retrieved ProfileValueSource type [class org.springframework.test.annotation.SystemProfileValueSource] for class [com.artreset.user.controller.RegistrationControllerTest]
DEBUG: org.springframework.test.context.CacheAwareContextLoaderDelegate - Retrieved ApplicationContext from cache with key [[WebMergedContextConfiguration@11dd546 testClass = RegistrationControllerTest, locations = '{}', classes = '{class com.artreset.config.WebAppContext, class com.artreset.config.UnitTestContext}', contextInitializerClasses = '[]', activeProfiles = '{}', resourceBasePath = 'src/main/webapp', contextLoader = 'org.springframework.test.context.web.WebDelegatingSmartContextLoader', parent = [null]]].
DEBUG: org.springframework.test.context.web.ServletTestExecutionListener - Setting up MockHttpServletRequest, MockHttpServletResponse, ServletWebRequest, and RequestContextHolder for test context [DefaultTestContext@19d1044 testClass = RegistrationControllerTest, testInstance = com.artreset.user.controller.RegistrationControllerTest@1b0beb, testMethod = [null], testException = [null], mergedContextConfiguration = [WebMergedContextConfiguration@11dd546 testClass = RegistrationControllerTest, locations = '{}', classes = '{class com.artreset.config.WebAppContext, class com.artreset.config.UnitTestContext}', contextInitializerClasses = '[]', activeProfiles = '{}', resourceBasePath = 'src/main/webapp', contextLoader = 'org.springframework.test.context.web.WebDelegatingSmartContextLoader', parent = [null]]].
DEBUG: org.springframework.test.context.support.DependencyInjectionTestExecutionListener - Performing dependency injection for test context [[DefaultTestContext@19d1044 testClass = RegistrationControllerTest, testInstance = com.artreset.user.controller.RegistrationControllerTest@1b0beb, testMethod = [null], testException = [null], mergedContextConfiguration = [WebMergedContextConfiguration@11dd546 testClass = RegistrationControllerTest, locations = '{}', classes = '{class com.artreset.config.WebAppContext, class com.artreset.config.UnitTestContext}', contextInitializerClasses = '[]', activeProfiles = '{}', resourceBasePath = 'src/main/webapp', contextLoader = 'org.springframework.test.context.web.WebDelegatingSmartContextLoader', parent = [null]]]].
DEBUG: org.springframework.test.context.CacheAwareContextLoaderDelegate - Retrieved ApplicationContext from cache with key [[WebMergedContextConfiguration@11dd546 testClass = RegistrationControllerTest, locations = '{}', classes = '{class com.artreset.config.WebAppContext, class com.artreset.config.UnitTestContext}', contextInitializerClasses = '[]', activeProfiles = '{}', resourceBasePath = 'src/main/webapp', contextLoader = 'org.springframework.test.context.web.WebDelegatingSmartContextLoader', parent = [null]]].
DEBUG: org.springframework.test.web.servlet.TestDispatcherServlet - Initializing servlet ''
INFO : org.springframework.mock.web.MockServletContext - Initializing Spring FrameworkServlet ''
INFO : org.springframework.test.web.servlet.TestDispatcherServlet - FrameworkServlet '': initialization started
DEBUG: org.springframework.test.web.servlet.TestDispatcherServlet - Using MultipartResolver [org.springframework.web.multipart.commons.CommonsMultipartResolver@213e2c]
DEBUG: org.springframework.test.web.servlet.TestDispatcherServlet - Unable to locate LocaleResolver with name 'localeResolver': using default [org.springframework.web.servlet.i18n.AcceptHeaderLocaleResolver@131e702]
DEBUG: org.springframework.test.web.servlet.TestDispatcherServlet - Unable to locate ThemeResolver with name 'themeResolver': using default [org.springframework.web.servlet.theme.FixedThemeResolver@1353c19]
DEBUG: org.springframework.test.web.servlet.TestDispatcherServlet - Unable to locate RequestToViewNameTranslator with name 'viewNameTranslator': using default [org.springframework.web.servlet.view.DefaultRequestToViewNameTranslator@1fc982f]
DEBUG: org.springframework.test.web.servlet.TestDispatcherServlet - Unable to locate FlashMapManager with name 'flashMapManager': using default [org.springframework.web.servlet.support.SessionFlashMapManager@6b63d0]
DEBUG: org.springframework.test.web.servlet.TestDispatcherServlet - Published WebApplicationContext of servlet '' as ServletContext attribute with name [org.springframework.web.servlet.FrameworkServlet.CONTEXT.]
INFO : org.springframework.test.web.servlet.TestDispatcherServlet - FrameworkServlet '': initialization completed in 2 ms
DEBUG: org.springframework.test.web.servlet.TestDispatcherServlet - Servlet '' configured successfully
DEBUG: org.springframework.test.web.servlet.TestDispatcherServlet - DispatcherServlet with name '' processing POST request for [/user/register]
DEBUG: com.artreset.user.controller.RegistrationController - Registering user account with information: com.artreset.user.dto.RegistrationForm@661903[email=john.smithatgmail.com,firstName=John,lastName=Smith,signInProvider=<null>]
DEBUG: com.artreset.user.controller.RegistrationController - Validation errors found. Rendering form view.
DEBUG: org.springframework.test.web.servlet.TestDispatcherServlet - Rendering view [org.springframework.web.servlet.view.JstlView: name 'user/registrationForm'; URL [/WEB-INF/views/user/registrationForm.jsp]] in DispatcherServlet with name ''
DEBUG: org.springframework.mock.web.MockRequestDispatcher - MockRequestDispatcher: forwarding to [/WEB-INF/views/user/registrationForm.jsp]
DEBUG: org.springframework.test.web.servlet.TestDispatcherServlet - Successfully completed request
DEBUG: org.springframework.test.context.support.DirtiesContextTestExecutionListener - After test method: context [DefaultTestContext@19d1044 testClass = RegistrationControllerTest, testInstance = com.artreset.user.controller.RegistrationControllerTest@1b0beb, testMethod = registerUserAccount_NormalRegistrationAndMalformedEmail_ShouldRenderRegistrationFormWithValidationError@RegistrationControllerTest, testException = java.lang.AssertionError: Expected authentication to be <null> but was <Mock for Authentication, hashCode: 165228>., mergedContextConfiguration = [WebMergedContextConfiguration@11dd546 testClass = RegistrationControllerTest, locations = '{}', classes = '{class com.artreset.config.WebAppContext, class com.artreset.config.UnitTestContext}', contextInitializerClasses = '[]', activeProfiles = '{}', resourceBasePath = 'src/main/webapp', contextLoader = 'org.springframework.test.context.web.WebDelegatingSmartContextLoader', parent = [null]]], class dirties context [false], class mode [null], method dirties context [false].
DEBUG: org.springframework.test.context.web.ServletTestExecutionListener - Resetting RequestContextHolder for test context [DefaultTestContext@19d1044 testClass = RegistrationControllerTest, testInstance = com.artreset.user.controller.RegistrationControllerTest@1b0beb, testMethod = registerUserAccount_NormalRegistrationAndMalformedEmail_ShouldRenderRegistrationFormWithValidationError@RegistrationControllerTest, testException = java.lang.AssertionError: Expected authentication to be <null> but was <Mock for Authentication, hashCode: 165228>., mergedContextConfiguration = [WebMergedContextConfiguration@11dd546 testClass = RegistrationControllerTest, locations = '{}', classes = '{class com.artreset.config.WebAppContext, class com.artreset.config.UnitTestContext}', contextInitializerClasses = '[]', activeProfiles = '{}', resourceBasePath = 'src/main/webapp', contextLoader = 'org.springframework.test.context.web.WebDelegatingSmartContextLoader', parent = [null]]].
]]></system-out>
  </testcase>
  <testcase name="registerUserAccount_SocialSignInAndEmptyForm_ShouldRenderRegistrationFormWithValidationErrors" classname="com.artreset.user.controller.RegistrationControllerTest" time="0">
    <failure message="Expected authentication to be &lt;null&gt; but was &lt;Mock for Authentication, hashCode: 165228&gt;." type="java.lang.AssertionError"><![CDATA[java.lang.AssertionError: Expected authentication to be <null> but was <Mock for Authentication, hashCode: 165228>.
	at org.fest.assertions.Fail.failure(Fail.java:228)
	at org.fest.assertions.Fail.fail(Fail.java:218)
	at org.fest.assertions.Fail.failWithMessage(Fail.java:177)
	at org.fest.assertions.Fail.failIfNotNull(Fail.java:129)
	at org.fest.assertions.GenericAssert.isNull(GenericAssert.java:56)
	at com.artreset.security.util.SecurityContextAssert.userIsAnonymous(SecurityContextAssert.java:31)
	at com.artreset.user.controller.RegistrationControllerTest.registerUserAccount_SocialSignInAndEmptyForm_ShouldRenderRegistrationFormWithValidationErrors(RegistrationControllerTest.java:407)
]]></failure>
    <system-out><![CDATA[DEBUG: org.springframework.test.annotation.ProfileValueUtils - Retrieved @ProfileValueSourceConfiguration [null] for test class [com.artreset.user.controller.RegistrationControllerTest]
DEBUG: org.springframework.test.annotation.ProfileValueUtils - Retrieved ProfileValueSource type [class org.springframework.test.annotation.SystemProfileValueSource] for class [com.artreset.user.controller.RegistrationControllerTest]
DEBUG: org.springframework.test.context.CacheAwareContextLoaderDelegate - Retrieved ApplicationContext from cache with key [[WebMergedContextConfiguration@11dd546 testClass = RegistrationControllerTest, locations = '{}', classes = '{class com.artreset.config.WebAppContext, class com.artreset.config.UnitTestContext}', contextInitializerClasses = '[]', activeProfiles = '{}', resourceBasePath = 'src/main/webapp', contextLoader = 'org.springframework.test.context.web.WebDelegatingSmartContextLoader', parent = [null]]].
DEBUG: org.springframework.test.context.web.ServletTestExecutionListener - Setting up MockHttpServletRequest, MockHttpServletResponse, ServletWebRequest, and RequestContextHolder for test context [DefaultTestContext@19d1044 testClass = RegistrationControllerTest, testInstance = com.artreset.user.controller.RegistrationControllerTest@1ff056c, testMethod = [null], testException = [null], mergedContextConfiguration = [WebMergedContextConfiguration@11dd546 testClass = RegistrationControllerTest, locations = '{}', classes = '{class com.artreset.config.WebAppContext, class com.artreset.config.UnitTestContext}', contextInitializerClasses = '[]', activeProfiles = '{}', resourceBasePath = 'src/main/webapp', contextLoader = 'org.springframework.test.context.web.WebDelegatingSmartContextLoader', parent = [null]]].
DEBUG: org.springframework.test.context.support.DependencyInjectionTestExecutionListener - Performing dependency injection for test context [[DefaultTestContext@19d1044 testClass = RegistrationControllerTest, testInstance = com.artreset.user.controller.RegistrationControllerTest@1ff056c, testMethod = [null], testException = [null], mergedContextConfiguration = [WebMergedContextConfiguration@11dd546 testClass = RegistrationControllerTest, locations = '{}', classes = '{class com.artreset.config.WebAppContext, class com.artreset.config.UnitTestContext}', contextInitializerClasses = '[]', activeProfiles = '{}', resourceBasePath = 'src/main/webapp', contextLoader = 'org.springframework.test.context.web.WebDelegatingSmartContextLoader', parent = [null]]]].
DEBUG: org.springframework.test.context.CacheAwareContextLoaderDelegate - Retrieved ApplicationContext from cache with key [[WebMergedContextConfiguration@11dd546 testClass = RegistrationControllerTest, locations = '{}', classes = '{class com.artreset.config.WebAppContext, class com.artreset.config.UnitTestContext}', contextInitializerClasses = '[]', activeProfiles = '{}', resourceBasePath = 'src/main/webapp', contextLoader = 'org.springframework.test.context.web.WebDelegatingSmartContextLoader', parent = [null]]].
DEBUG: org.springframework.test.web.servlet.TestDispatcherServlet - Initializing servlet ''
INFO : org.springframework.mock.web.MockServletContext - Initializing Spring FrameworkServlet ''
INFO : org.springframework.test.web.servlet.TestDispatcherServlet - FrameworkServlet '': initialization started
DEBUG: org.springframework.test.web.servlet.TestDispatcherServlet - Using MultipartResolver [org.springframework.web.multipart.commons.CommonsMultipartResolver@213e2c]
DEBUG: org.springframework.test.web.servlet.TestDispatcherServlet - Unable to locate LocaleResolver with name 'localeResolver': using default [org.springframework.web.servlet.i18n.AcceptHeaderLocaleResolver@b13914]
DEBUG: org.springframework.test.web.servlet.TestDispatcherServlet - Unable to locate ThemeResolver with name 'themeResolver': using default [org.springframework.web.servlet.theme.FixedThemeResolver@11a60d0]
DEBUG: org.springframework.test.web.servlet.TestDispatcherServlet - Unable to locate RequestToViewNameTranslator with name 'viewNameTranslator': using default [org.springframework.web.servlet.view.DefaultRequestToViewNameTranslator@ca224f]
DEBUG: org.springframework.test.web.servlet.TestDispatcherServlet - Unable to locate FlashMapManager with name 'flashMapManager': using default [org.springframework.web.servlet.support.SessionFlashMapManager@92a648]
DEBUG: org.springframework.test.web.servlet.TestDispatcherServlet - Published WebApplicationContext of servlet '' as ServletContext attribute with name [org.springframework.web.servlet.FrameworkServlet.CONTEXT.]
INFO : org.springframework.test.web.servlet.TestDispatcherServlet - FrameworkServlet '': initialization completed in 1 ms
DEBUG: org.springframework.test.web.servlet.TestDispatcherServlet - Servlet '' configured successfully
DEBUG: org.springframework.test.web.servlet.TestDispatcherServlet - DispatcherServlet with name '' processing POST request for [/user/register]
DEBUG: com.artreset.user.controller.RegistrationController - Registering user account with information: com.artreset.user.dto.RegistrationForm@1e2d8db[email=<null>,firstName=<null>,lastName=<null>,signInProvider=TWITTER]
DEBUG: com.artreset.user.controller.RegistrationController - Validation errors found. Rendering form view.
DEBUG: org.springframework.test.web.servlet.TestDispatcherServlet - Rendering view [org.springframework.web.servlet.view.JstlView: name 'user/registrationForm'; URL [/WEB-INF/views/user/registrationForm.jsp]] in DispatcherServlet with name ''
DEBUG: org.springframework.mock.web.MockRequestDispatcher - MockRequestDispatcher: forwarding to [/WEB-INF/views/user/registrationForm.jsp]
DEBUG: org.springframework.test.web.servlet.TestDispatcherServlet - Successfully completed request
DEBUG: org.springframework.test.context.support.DirtiesContextTestExecutionListener - After test method: context [DefaultTestContext@19d1044 testClass = RegistrationControllerTest, testInstance = com.artreset.user.controller.RegistrationControllerTest@1ff056c, testMethod = registerUserAccount_SocialSignInAndEmptyForm_ShouldRenderRegistrationFormWithValidationErrors@RegistrationControllerTest, testException = java.lang.AssertionError: Expected authentication to be <null> but was <Mock for Authentication, hashCode: 165228>., mergedContextConfiguration = [WebMergedContextConfiguration@11dd546 testClass = RegistrationControllerTest, locations = '{}', classes = '{class com.artreset.config.WebAppContext, class com.artreset.config.UnitTestContext}', contextInitializerClasses = '[]', activeProfiles = '{}', resourceBasePath = 'src/main/webapp', contextLoader = 'org.springframework.test.context.web.WebDelegatingSmartContextLoader', parent = [null]]], class dirties context [false], class mode [null], method dirties context [false].
DEBUG: org.springframework.test.context.web.ServletTestExecutionListener - Resetting RequestContextHolder for test context [DefaultTestContext@19d1044 testClass = RegistrationControllerTest, testInstance = com.artreset.user.controller.RegistrationControllerTest@1ff056c, testMethod = registerUserAccount_SocialSignInAndEmptyForm_ShouldRenderRegistrationFormWithValidationErrors@RegistrationControllerTest, testException = java.lang.AssertionError: Expected authentication to be <null> but was <Mock for Authentication, hashCode: 165228>., mergedContextConfiguration = [WebMergedContextConfiguration@11dd546 testClass = RegistrationControllerTest, locations = '{}', classes = '{class com.artreset.config.WebAppContext, class com.artreset.config.UnitTestContext}', contextInitializerClasses = '[]', activeProfiles = '{}', resourceBasePath = 'src/main/webapp', contextLoader = 'org.springframework.test.context.web.WebDelegatingSmartContextLoader', parent = [null]]].
]]></system-out>
  </testcase>
  <testcase name="registerUserAccount_NormalRegistration_ShouldCreateNewUserAccountAndRenderHomePage" classname="com.artreset.user.controller.RegistrationControllerTest" time="0.118">
    <failure message="Expected logged in user to be &lt;com.artreset.model.User@15f6128[id=1,creationTime=&lt;null&gt;,email=john.smith@gmail.com,firstName=John,lastName=Smith,modificationTime=&lt;null&gt;,signInProvider=&lt;null&gt;,version=0]&gt; but was &lt;null&gt;" type="java.lang.AssertionError"><![CDATA[java.lang.AssertionError: Expected logged in user to be <com.artreset.model.User@15f6128[id=1,creationTime=<null>,email=john.smith@gmail.com,firstName=John,lastName=Smith,modificationTime=<null>,signInProvider=<null>,version=0]> but was <null>
	at org.fest.assertions.Fail.failure(Fail.java:228)
	at org.fest.assertions.Fail.fail(Fail.java:218)
	at org.fest.assertions.Fail.failWithMessage(Fail.java:177)
	at org.fest.assertions.Fail.failIfActualIsNull(Fail.java:99)
	at org.fest.assertions.GenericAssert.isNotNull(GenericAssert.java:238)
	at com.artreset.security.util.SecurityContextAssert.loggedInUserIs(SecurityContextAssert.java:44)
	at com.artreset.user.controller.RegistrationControllerTest.registerUserAccount_NormalRegistration_ShouldCreateNewUserAccountAndRenderHomePage(RegistrationControllerTest.java:354)
]]></failure>
    <system-out><![CDATA[DEBUG: org.springframework.test.annotation.ProfileValueUtils - Retrieved @ProfileValueSourceConfiguration [null] for test class [com.artreset.user.controller.RegistrationControllerTest]
DEBUG: org.springframework.test.annotation.ProfileValueUtils - Retrieved ProfileValueSource type [class org.springframework.test.annotation.SystemProfileValueSource] for class [com.artreset.user.controller.RegistrationControllerTest]
DEBUG: org.springframework.test.context.CacheAwareContextLoaderDelegate - Retrieved ApplicationContext from cache with key [[WebMergedContextConfiguration@11dd546 testClass = RegistrationControllerTest, locations = '{}', classes = '{class com.artreset.config.WebAppContext, class com.artreset.config.UnitTestContext}', contextInitializerClasses = '[]', activeProfiles = '{}', resourceBasePath = 'src/main/webapp', contextLoader = 'org.springframework.test.context.web.WebDelegatingSmartContextLoader', parent = [null]]].
DEBUG: org.springframework.test.context.web.ServletTestExecutionListener - Setting up MockHttpServletRequest, MockHttpServletResponse, ServletWebRequest, and RequestContextHolder for test context [DefaultTestContext@19d1044 testClass = RegistrationControllerTest, testInstance = com.artreset.user.controller.RegistrationControllerTest@b2131, testMethod = [null], testException = [null], mergedContextConfiguration = [WebMergedContextConfiguration@11dd546 testClass = RegistrationControllerTest, locations = '{}', classes = '{class com.artreset.config.WebAppContext, class com.artreset.config.UnitTestContext}', contextInitializerClasses = '[]', activeProfiles = '{}', resourceBasePath = 'src/main/webapp', contextLoader = 'org.springframework.test.context.web.WebDelegatingSmartContextLoader', parent = [null]]].
DEBUG: org.springframework.test.context.support.DependencyInjectionTestExecutionListener - Performing dependency injection for test context [[DefaultTestContext@19d1044 testClass = RegistrationControllerTest, testInstance = com.artreset.user.controller.RegistrationControllerTest@b2131, testMethod = [null], testException = [null], mergedContextConfiguration = [WebMergedContextConfiguration@11dd546 testClass = RegistrationControllerTest, locations = '{}', classes = '{class com.artreset.config.WebAppContext, class com.artreset.config.UnitTestContext}', contextInitializerClasses = '[]', activeProfiles = '{}', resourceBasePath = 'src/main/webapp', contextLoader = 'org.springframework.test.context.web.WebDelegatingSmartContextLoader', parent = [null]]]].
DEBUG: org.springframework.test.context.CacheAwareContextLoaderDelegate - Retrieved ApplicationContext from cache with key [[WebMergedContextConfiguration@11dd546 testClass = RegistrationControllerTest, locations = '{}', classes = '{class com.artreset.config.WebAppContext, class com.artreset.config.UnitTestContext}', contextInitializerClasses = '[]', activeProfiles = '{}', resourceBasePath = 'src/main/webapp', contextLoader = 'org.springframework.test.context.web.WebDelegatingSmartContextLoader', parent = [null]]].
DEBUG: org.springframework.test.web.servlet.TestDispatcherServlet - Initializing servlet ''
INFO : org.springframework.mock.web.MockServletContext - Initializing Spring FrameworkServlet ''
INFO : org.springframework.test.web.servlet.TestDispatcherServlet - FrameworkServlet '': initialization started
DEBUG: org.springframework.test.web.servlet.TestDispatcherServlet - Using MultipartResolver [org.springframework.web.multipart.commons.CommonsMultipartResolver@213e2c]
DEBUG: org.springframework.test.web.servlet.TestDispatcherServlet - Unable to locate LocaleResolver with name 'localeResolver': using default [org.springframework.web.servlet.i18n.AcceptHeaderLocaleResolver@1efaf4]
DEBUG: org.springframework.test.web.servlet.TestDispatcherServlet - Unable to locate ThemeResolver with name 'themeResolver': using default [org.springframework.web.servlet.theme.FixedThemeResolver@1ede7cf]
DEBUG: org.springframework.test.web.servlet.TestDispatcherServlet - Unable to locate RequestToViewNameTranslator with name 'viewNameTranslator': using default [org.springframework.web.servlet.view.DefaultRequestToViewNameTranslator@dcb1a]
DEBUG: org.springframework.test.web.servlet.TestDispatcherServlet - Unable to locate FlashMapManager with name 'flashMapManager': using default [org.springframework.web.servlet.support.SessionFlashMapManager@191223f]
DEBUG: org.springframework.test.web.servlet.TestDispatcherServlet - Published WebApplicationContext of servlet '' as ServletContext attribute with name [org.springframework.web.servlet.FrameworkServlet.CONTEXT.]
INFO : org.springframework.test.web.servlet.TestDispatcherServlet - FrameworkServlet '': initialization completed in 1 ms
DEBUG: org.springframework.test.web.servlet.TestDispatcherServlet - Servlet '' configured successfully
DEBUG: org.springframework.test.util.ReflectionTestUtils - Setting field [id] of type [null] on target [com.artreset.model.User@15f6128[id=<null>,creationTime=<null>,email=john.smith@gmail.com,firstName=John,lastName=Smith,modificationTime=<null>,signInProvider=<null>,version=0]] to value [1]
DEBUG: org.springframework.test.web.servlet.TestDispatcherServlet - DispatcherServlet with name '' processing POST request for [/user/register]
DEBUG: com.artreset.user.controller.RegistrationController - Registering user account with information: com.artreset.user.dto.RegistrationForm@1334bda[email=john.smith@gmail.com,firstName=John,lastName=Smith,signInProvider=<null>]
DEBUG: com.artreset.user.controller.RegistrationController - No validation errors found. Continuing registration process.
DEBUG: com.artreset.user.controller.RegistrationController - Creating user account with information: com.artreset.user.dto.RegistrationForm@1334bda[email=john.smith@gmail.com,firstName=John,lastName=Smith,signInProvider=<null>]
DEBUG: com.artreset.user.controller.RegistrationController - Registered user account with information: com.artreset.model.User@15f6128[id=1,creationTime=<null>,email=john.smith@gmail.com,firstName=John,lastName=Smith,modificationTime=<null>,signInProvider=<null>,version=0]
INFO : com.artreset.security.util.SecurityUtil - Logging in user: com.artreset.model.User@15f6128[id=1,creationTime=<null>,email=john.smith@gmail.com,firstName=John,lastName=Smith,modificationTime=<null>,signInProvider=<null>,version=0]
DEBUG: com.artreset.security.util.SecurityUtil - Logging in principal: com.artreset.security.dto.ExampleUserDetails@b903fd[id=1,username=john.smith@gmail.com,firstName=John,lastName=Smith,role=ROLE_USER,socialSignInProvider=<null>]
INFO : com.artreset.security.util.SecurityUtil - User: com.artreset.security.dto.ExampleUserDetails@b903fd[id=1,username=john.smith@gmail.com,firstName=John,lastName=Smith,role=ROLE_USER,socialSignInProvider=<null>] has been logged in.
DEBUG: com.artreset.user.controller.RegistrationController - User com.artreset.model.User@15f6128[id=1,creationTime=<null>,email=john.smith@gmail.com,firstName=John,lastName=Smith,modificationTime=<null>,signInProvider=<null>,version=0] has been signed in
DEBUG: org.springframework.test.web.servlet.TestDispatcherServlet - Rendering view [org.springframework.web.servlet.view.RedirectView: name 'redirect:/'; URL [/]] in DispatcherServlet with name ''
DEBUG: org.springframework.test.web.servlet.TestDispatcherServlet - Successfully completed request
DEBUG: org.springframework.test.context.support.DirtiesContextTestExecutionListener - After test method: context [DefaultTestContext@19d1044 testClass = RegistrationControllerTest, testInstance = com.artreset.user.controller.RegistrationControllerTest@b2131, testMethod = registerUserAccount_NormalRegistration_ShouldCreateNewUserAccountAndRenderHomePage@RegistrationControllerTest, testException = java.lang.AssertionError: Expected logged in user to be <com.artreset.model.User@15f6128[id=1,creationTime=<null>,email=john.smith@gmail.com,firstName=John,lastName=Smith,modificationTime=<null>,signInProvider=<null>,version=0]> but was <null>, mergedContextConfiguration = [WebMergedContextConfiguration@11dd546 testClass = RegistrationControllerTest, locations = '{}', classes = '{class com.artreset.config.WebAppContext, class com.artreset.config.UnitTestContext}', contextInitializerClasses = '[]', activeProfiles = '{}', resourceBasePath = 'src/main/webapp', contextLoader = 'org.springframework.test.context.web.WebDelegatingSmartContextLoader', parent = [null]]], class dirties context [false], class mode [null], method dirties context [false].
DEBUG: org.springframework.test.context.web.ServletTestExecutionListener - Resetting RequestContextHolder for test context [DefaultTestContext@19d1044 testClass = RegistrationControllerTest, testInstance = com.artreset.user.controller.RegistrationControllerTest@b2131, testMethod = registerUserAccount_NormalRegistration_ShouldCreateNewUserAccountAndRenderHomePage@RegistrationControllerTest, testException = java.lang.AssertionError: Expected logged in user to be <com.artreset.model.User@15f6128[id=1,creationTime=<null>,email=john.smith@gmail.com,firstName=John,lastName=Smith,modificationTime=<null>,signInProvider=<null>,version=0]> but was <null>, mergedContextConfiguration = [WebMergedContextConfiguration@11dd546 testClass = RegistrationControllerTest, locations = '{}', classes = '{class com.artreset.config.WebAppContext, class com.artreset.config.UnitTestContext}', contextInitializerClasses = '[]', activeProfiles = '{}', resourceBasePath = 'src/main/webapp', contextLoader = 'org.springframework.test.context.web.WebDelegatingSmartContextLoader', parent = [null]]].
]]></system-out>
  </testcase>
  <testcase name="registerUserAccount_SocialSignIn_ShouldCreateNewUserAccountAndRenderHomePage" classname="com.artreset.user.controller.RegistrationControllerTest" time="0.101">
    <failure message="Expected logged in user to be &lt;com.artreset.model.User@83c5e0[id=1,creationTime=&lt;null&gt;,email=john.smith@gmail.com,firstName=John,lastName=Smith,modificationTime=&lt;null&gt;,signInProvider=TWITTER,version=0]&gt; but was &lt;null&gt;" type="java.lang.AssertionError"><![CDATA[java.lang.AssertionError: Expected logged in user to be <com.artreset.model.User@83c5e0[id=1,creationTime=<null>,email=john.smith@gmail.com,firstName=John,lastName=Smith,modificationTime=<null>,signInProvider=TWITTER,version=0]> but was <null>
	at org.fest.assertions.Fail.failure(Fail.java:228)
	at org.fest.assertions.Fail.fail(Fail.java:218)
	at org.fest.assertions.Fail.failWithMessage(Fail.java:177)
	at org.fest.assertions.Fail.failIfActualIsNull(Fail.java:99)
	at org.fest.assertions.GenericAssert.isNotNull(GenericAssert.java:238)
	at com.artreset.security.util.SecurityContextAssert.loggedInUserIs(SecurityContextAssert.java:44)
	at com.artreset.user.controller.RegistrationControllerTest.registerUserAccount_SocialSignIn_ShouldCreateNewUserAccountAndRenderHomePage(RegistrationControllerTest.java:581)
]]></failure>
    <system-out><![CDATA[DEBUG: org.springframework.test.annotation.ProfileValueUtils - Retrieved @ProfileValueSourceConfiguration [null] for test class [com.artreset.user.controller.RegistrationControllerTest]
DEBUG: org.springframework.test.annotation.ProfileValueUtils - Retrieved ProfileValueSource type [class org.springframework.test.annotation.SystemProfileValueSource] for class [com.artreset.user.controller.RegistrationControllerTest]
DEBUG: org.springframework.test.context.CacheAwareContextLoaderDelegate - Retrieved ApplicationContext from cache with key [[WebMergedContextConfiguration@11dd546 testClass = RegistrationControllerTest, locations = '{}', classes = '{class com.artreset.config.WebAppContext, class com.artreset.config.UnitTestContext}', contextInitializerClasses = '[]', activeProfiles = '{}', resourceBasePath = 'src/main/webapp', contextLoader = 'org.springframework.test.context.web.WebDelegatingSmartContextLoader', parent = [null]]].
DEBUG: org.springframework.test.context.web.ServletTestExecutionListener - Setting up MockHttpServletRequest, MockHttpServletResponse, ServletWebRequest, and RequestContextHolder for test context [DefaultTestContext@19d1044 testClass = RegistrationControllerTest, testInstance = com.artreset.user.controller.RegistrationControllerTest@1311b2c, testMethod = [null], testException = [null], mergedContextConfiguration = [WebMergedContextConfiguration@11dd546 testClass = RegistrationControllerTest, locations = '{}', classes = '{class com.artreset.config.WebAppContext, class com.artreset.config.UnitTestContext}', contextInitializerClasses = '[]', activeProfiles = '{}', resourceBasePath = 'src/main/webapp', contextLoader = 'org.springframework.test.context.web.WebDelegatingSmartContextLoader', parent = [null]]].
DEBUG: org.springframework.test.context.support.DependencyInjectionTestExecutionListener - Performing dependency injection for test context [[DefaultTestContext@19d1044 testClass = RegistrationControllerTest, testInstance = com.artreset.user.controller.RegistrationControllerTest@1311b2c, testMethod = [null], testException = [null], mergedContextConfiguration = [WebMergedContextConfiguration@11dd546 testClass = RegistrationControllerTest, locations = '{}', classes = '{class com.artreset.config.WebAppContext, class com.artreset.config.UnitTestContext}', contextInitializerClasses = '[]', activeProfiles = '{}', resourceBasePath = 'src/main/webapp', contextLoader = 'org.springframework.test.context.web.WebDelegatingSmartContextLoader', parent = [null]]]].
[...]
]]></system-out>
  </testcase>
  <testcase name="showRegistrationForm_SocialSignInWithNoValues_ShouldRenderRegistrationPageWithProviderDetails" classname="com.artreset.user.controller.RegistrationControllerTest" time="0.103"/>
  <testcase name="registerUserAccount_NormalRegistrationAndEmailExists_ShouldRenderRegistrationFormWithFieldError" classname="com.artreset.user.controller.RegistrationControllerTest" time="0.138">
    <failure message="Expected authentication to be &lt;null&gt; but was &lt;Mock for Authentication, hashCode: 165228&gt;." type="java.lang.AssertionError"><![CDATA[java.lang.AssertionError: Expected authentication to be <null> but was <Mock for Authentication, hashCode: 165228>.
	at org.fest.assertions.Fail.failure(Fail.java:228)
	at org.fest.assertions.Fail.fail(Fail.java:218)
	at org.fest.assertions.Fail.failWithMessage(Fail.java:177)
	at org.fest.assertions.Fail.failIfNotNull(Fail.java:129)
	at org.fest.assertions.GenericAssert.isNull(GenericAssert.java:56)
	at com.artreset.security.util.SecurityContextAssert.userIsAnonymous(SecurityContextAssert.java:31)
	at com.artreset.user.controller.RegistrationControllerTest.registerUserAccount_NormalRegistrationAndEmailExists_ShouldRenderRegistrationFormWithFieldError(RegistrationControllerTest.java:285)
]]></failure>
    <system-out><![CDATA[DEBUG: org.springframework.test.annotation.ProfileValueUtils - Retrieved @ProfileValueSourceConfiguration [null] for test class [com.artreset.user.controller.RegistrationControllerTest]
DEBUG: org.springframework.test.annotation.ProfileValueUtils - Retrieved ProfileValueSource type [class org.springframework.test.annotation.SystemProfileValueSource] for class [com.artreset.user.controller.RegistrationControllerTest]
DEBUG: org.springframework.test.context.CacheAwareContextLoaderDelegate - Retrieved ApplicationContext from cache with key [[WebMergedContextConfiguration@11dd546 testClass = RegistrationControllerTest, locations = '{}', classes = '{class com.artreset.config.WebAppContext, class com.artreset.config.UnitTestContext}', contextInitializerClasses = '[]', activeProfiles = '{}', resourceBasePath = 'src/main/webapp', contextLoader = 'org.springframework.test.context.web.WebDelegatingSmartContextLoader', parent = [null]]].
DEBUG: org.springframework.test.context.web.ServletTestExecutionListener - Setting up MockHttpServletRequest, MockHttpServletResponse, ServletWebRequest, and RequestContextHolder for test context [DefaultTestContext@19d1044 testClass = RegistrationControllerTest, testInstance = com.artreset.user.controller.RegistrationControllerTest@7aa36c, testMethod = [null], testException = [null], mergedContextConfiguration = [WebMergedContextConfiguration@11dd546 testClass = RegistrationControllerTest, locations = '{}', classes = '{class com.artreset.config.WebAppContext, class com.artreset.config.UnitTestContext}', contextInitializerClasses = '[]', activeProfiles = '{}', resourceBasePath = 'src/main/webapp', contextLoader = 'org.springframework.test.context.web.WebDelegatingSmartContextLoader', parent = [null]]].
DEBUG: org.springframework.test.context.support.DependencyInjectionTestExecutionListener - Performing dependency injection for test context [[DefaultTestContext@19d1044 testClass = RegistrationControllerTest, testInstance = com.artreset.user.controller.RegistrationControllerTest@7aa36c, testMethod = [null], testException = [null], mergedContextConfiguration = [WebMergedContextConfiguration@11dd546 testClass = RegistrationControllerTest, locations = '{}', classes = '{class com.artreset.config.WebAppContext, class com.artreset.config.UnitTestContext}', contextInitializerClasses = '[]', activeProfiles = '{}', resourceBasePath = 'src/main/webapp', contextLoader = 'org.springframework.test.context.web.WebDelegatingSmartContextLoader', parent = [null]]]].
DEBUG: org.springframework.test.context.CacheAwareContextLoaderDelegate - Retrieved ApplicationContext from cache with key [[WebMergedContextConfiguration@11dd546 testClass = RegistrationControllerTest, locations = '{}', classes = '{class com.artreset.config.WebAppContext, class com.artreset.config.UnitTestContext}', contextInitializerClasses = '[]', activeProfiles = '{}', resourceBasePath = 'src/main/webapp', contextLoader = 'org.springframework.test.context.web.WebDelegatingSmartContextLoader', parent = [null]]].
DEBUG: org.springframework.test.web.servlet.TestDispatcherServlet - Initializing servlet ''
INFO : org.springframework.mock.web.MockServletContext - Initializing Spring FrameworkServlet ''
INFO : org.springframework.test.web.servlet.TestDispatcherServlet - FrameworkServlet '': initialization started
DEBUG: org.springframework.test.web.servlet.TestDispatcherServlet - Using MultipartResolver [org.springframework.web.multipart.commons.CommonsMultipartResolver@213e2c]
DEBUG: org.springframework.test.web.servlet.TestDispatcherServlet - Unable to locate LocaleResolver with name 'localeResolver': using default [org.springframework.web.servlet.i18n.AcceptHeaderLocaleResolver@57f0b1]
DEBUG: org.springframework.test.web.servlet.TestDispatcherServlet - Unable to locate ThemeResolver with name 'themeResolver': using default [org.springframework.web.servlet.theme.FixedThemeResolver@17b1470]
DEBUG: org.springframework.test.web.servlet.TestDispatcherServlet - Unable to locate RequestToViewNameTranslator with name 'viewNameTranslator': using default [org.springframework.web.servlet.view.DefaultRequestToViewNameTranslator@17b0672]
DEBUG: org.springframework.test.web.servlet.TestDispatcherServlet - Unable to locate FlashMapManager with name 'flashMapManager': using default [org.springframework.web.servlet.support.SessionFlashMapManager@1e45c78]
DEBUG: org.springframework.test.web.servlet.TestDispatcherServlet - Published WebApplicationContext of servlet '' as ServletContext attribute with name [org.springframework.web.servlet.FrameworkServlet.CONTEXT.]
INFO : org.springframework.test.web.servlet.TestDispatcherServlet - FrameworkServlet '': initialization completed in 2 ms
DEBUG: org.springframework.test.web.servlet.TestDispatcherServlet - Servlet '' configured successfully
DEBUG: org.springframework.test.web.servlet.TestDispatcherServlet - DispatcherServlet with name '' processing POST request for [/user/register]
DEBUG: com.artreset.user.controller.RegistrationController - Registering user account with information: com.artreset.user.dto.RegistrationForm@172d061[email=john.smith@gmail.com,firstName=John,lastName=Smith,signInProvider=<null>]
DEBUG: com.artreset.user.controller.RegistrationController - No validation errors found. Continuing registration process.
DEBUG: com.artreset.user.controller.RegistrationController - Creating user account with information: com.artreset.user.dto.RegistrationForm@172d061[email=john.smith@gmail.com,firstName=John,lastName=Smith,signInProvider=<null>]
DEBUG: com.artreset.user.controller.RegistrationController - An email address: john.smith@gmail.com exists.
DEBUG: com.artreset.user.controller.RegistrationController - Adding field error object's: user field: NotExist.user.email with error code: {}
DEBUG: com.artreset.user.controller.RegistrationController - Added field error: Field error in object 'user' on field 'email': rejected value [john.smith@gmail.com]; codes [NotExist.user.email]; arguments []; default message [NotExist.user.email] to binding result: org.springframework.validation.BeanPropertyBindingResult: 1 errors
Field error in object 'user' on field 'email': rejected value [john.smith@gmail.com]; codes [NotExist.user.email]; arguments []; default message [NotExist.user.email]
DEBUG: com.artreset.user.controller.RegistrationController - An email address was found from the database. Rendering form view.
DEBUG: org.springframework.test.web.servlet.TestDispatcherServlet - Rendering view [org.springframework.web.servlet.view.JstlView: name 'user/registrationForm'; URL [/WEB-INF/views/user/registrationForm.jsp]] in DispatcherServlet with name ''
DEBUG: org.springframework.mock.web.MockRequestDispatcher - MockRequestDispatcher: forwarding to [/WEB-INF/views/user/registrationForm.jsp]
DEBUG: org.springframework.test.web.servlet.TestDispatcherServlet - Successfully completed request
DEBUG: org.springframework.test.context.support.DirtiesContextTestExecutionListener - After test method: context [DefaultTestContext@19d1044 testClass = RegistrationControllerTest, testInstance = com.artreset.user.controller.RegistrationControllerTest@7aa36c, testMethod = registerUserAccount_NormalRegistrationAndEmailExists_ShouldRenderRegistrationFormWithFieldError@RegistrationControllerTest, testException = java.lang.AssertionError: Expected authentication to be <null> but was <Mock for Authentication, hashCode: 165228>., mergedContextConfiguration = [WebMergedContextConfiguration@11dd546 testClass = RegistrationControllerTest, locations = '{}', classes = '{class com.artreset.config.WebAppContext, class com.artreset.config.UnitTestContext}', contextInitializerClasses = '[]', activeProfiles = '{}', resourceBasePath = 'src/main/webapp', contextLoader = 'org.springframework.test.context.web.WebDelegatingSmartContextLoader', parent = [null]]], class dirties context [false], class mode [null], method dirties context [false].
DEBUG: org.springframework.test.context.web.ServletTestExecutionListener - Resetting RequestContextHolder for test context [DefaultTestContext@19d1044 testClass = RegistrationControllerTest, testInstance = com.artreset.user.controller.RegistrationControllerTest@7aa36c, testMethod = registerUserAccount_NormalRegistrationAndEmailExists_ShouldRenderRegistrationFormWithFieldError@RegistrationControllerTest, testException = java.lang.AssertionError: Expected authentication to be <null> but was <Mock for Authentication, hashCode: 165228>., mergedContextConfiguration = [WebMergedContextConfiguration@11dd546 testClass = RegistrationControllerTest, locations = '{}', classes = '{class com.artreset.config.WebAppContext, class com.artreset.config.UnitTestContext}', contextInitializerClasses = '[]', activeProfiles = '{}', resourceBasePath = 'src/main/webapp', contextLoader = 'org.springframework.test.context.web.WebDelegatingSmartContextLoader', parent = [null]]].
]]></system-out>
  </testcase>
  <testcase name="registerUserAccount_NormalRegistrationAndEmptyForm_ShouldRenderRegistrationFormWithValidationErrors" classname="com.artreset.user.controller.RegistrationControllerTest" time="0.128">
    <failure message="Expected authentication to be &lt;null&gt; but was &lt;Mock for Authentication, hashCode: 165228&gt;." type="java.lang.AssertionError"><![CDATA[java.lang.AssertionError: Expected authentication to be <null> but was <Mock for Authentication, hashCode: 165228>.
	at org.fest.assertions.Fail.failure(Fail.java:228)
	at org.fest.assertions.Fail.fail(Fail.java:218)
	at org.fest.assertions.Fail.failWithMessage(Fail.java:177)
	at org.fest.assertions.Fail.failIfNotNull(Fail.java:129)
	at org.fest.assertions.GenericAssert.isNull(GenericAssert.java:56)
	at com.artreset.security.util.SecurityContextAssert.userIsAnonymous(SecurityContextAssert.java:31)
	at com.artreset.user.controller.RegistrationControllerTest.registerUserAccount_NormalRegistrationAndEmptyForm_ShouldRenderRegistrationFormWithValidationErrors(RegistrationControllerTest.java:188)
]]></failure>
    <system-out><![CDATA[DEBUG: org.springframework.test.annotation.ProfileValueUtils - Retrieved @ProfileValueSourceConfiguration [null] for test class [com.artreset.user.controller.RegistrationControllerTest]
DEBUG: org.springframework.test.annotation.ProfileValueUtils - Retrieved ProfileValueSource type [class org.springframework.test.annotation.SystemProfileValueSource] for class [com.artreset.user.controller.RegistrationControllerTest]
DEBUG: org.springframework.test.context.CacheAwareContextLoaderDelegate - Retrieved ApplicationContext from cache with key [[WebMergedContextConfiguration@11dd546 testClass = RegistrationControllerTest, locations = '{}', classes = '{class com.artreset.config.WebAppContext, class com.artreset.config.UnitTestContext}', contextInitializerClasses = '[]', activeProfiles = '{}', resourceBasePath = 'src/main/webapp', contextLoader = 'org.springframework.test.context.web.WebDelegatingSmartContextLoader', parent = [null]]].
DEBUG: org.springframework.test.context.web.ServletTestExecutionListener - Setting up MockHttpServletRequest, MockHttpServletResponse, ServletWebRequest, and RequestContextHolder for test context [DefaultTestContext@19d1044 testClass = RegistrationControllerTest, testInstance = com.artreset.user.controller.RegistrationControllerTest@1917a2, testMethod = [null], testException = [null], mergedContextConfiguration = [WebMergedContextConfiguration@11dd546 testClass = RegistrationControllerTest, locations = '{}', classes = '{class com.artreset.config.WebAppContext, class com.artreset.config.UnitTestContext}', contextInitializerClasses = '[]', activeProfiles = '{}', resourceBasePath = 'src/main/webapp', contextLoader = 'org.springframework.test.context.web.WebDelegatingSmartContextLoader', parent = [null]]].
DEBUG: org.springframework.test.context.support.DependencyInjectionTestExecutionListener - Performing dependency injection for test context [[DefaultTestContext@19d1044 testClass = RegistrationControllerTest, testInstance = com.artreset.user.controller.RegistrationControllerTest@1917a2, testMethod = [null], testException = [null], mergedContextConfiguration = [WebMergedContextConfiguration@11dd546 testClass = RegistrationControllerTest, locations = '{}', classes = '{class com.artreset.config.WebAppContext, class com.artreset.config.UnitTestContext}', contextInitializerClasses = '[]', activeProfiles = '{}', resourceBasePath = 'src/main/webapp', contextLoader = 'org.springframework.test.context.web.WebDelegatingSmartContextLoader', parent = [null]]]].
DEBUG: org.springframework.test.context.CacheAwareContextLoaderDelegate - Retrieved ApplicationContext from cache with key [[WebMergedContextConfiguration@11dd546 testClass = RegistrationControllerTest, locations = '{}', classes = '{class com.artreset.config.WebAppContext, class com.artreset.config.UnitTestContext}', contextInitializerClasses = '[]', activeProfiles = '{}', resourceBasePath = 'src/main/webapp', contextLoader = 'org.springframework.test.context.web.WebDelegatingSmartContextLoader', parent = [null]]].
DEBUG: org.springframework.test.web.servlet.TestDispatcherServlet - Initializing servlet ''
INFO : org.springframework.mock.web.MockServletContext - Initializing Spring FrameworkServlet ''
INFO : org.springframework.test.web.servlet.TestDispatcherServlet - FrameworkServlet '': initialization started
DEBUG: org.springframework.test.web.servlet.TestDispatcherServlet - Using MultipartResolver [org.springframework.web.multipart.commons.CommonsMultipartResolver@213e2c]
DEBUG: org.springframework.test.web.servlet.TestDispatcherServlet - Unable to locate LocaleResolver with name 'localeResolver': using default [org.springframework.web.servlet.i18n.AcceptHeaderLocaleResolver@910502]
DEBUG: org.springframework.test.web.servlet.TestDispatcherServlet - Unable to locate ThemeResolver with name 'themeResolver': using default [org.springframework.web.servlet.theme.FixedThemeResolver@dfcdc6]
DEBUG: org.springframework.test.web.servlet.TestDispatcherServlet - Unable to locate RequestToViewNameTranslator with name 'viewNameTranslator': using default [org.springframework.web.servlet.view.DefaultRequestToViewNameTranslator@13eacab]
DEBUG: org.springframework.test.web.servlet.TestDispatcherServlet - Unable to locate FlashMapManager with name 'flashMapManager': using default [org.springframework.web.servlet.support.SessionFlashMapManager@1ba4174]
DEBUG: org.springframework.test.web.servlet.TestDispatcherServlet - Published WebApplicationContext of servlet '' as ServletContext attribute with name [org.springframework.web.servlet.FrameworkServlet.CONTEXT.]
INFO : org.springframework.test.web.servlet.TestDispatcherServlet - FrameworkServlet '': initialization completed in 1 ms
DEBUG: org.springframework.test.web.servlet.TestDispatcherServlet - Servlet '' configured successfully
DEBUG: org.springframework.test.web.servlet.TestDispatcherServlet - DispatcherServlet with name '' processing POST request for [/user/register]
DEBUG: com.artreset.user.controller.RegistrationController - Registering user account with information: com.artreset.user.dto.RegistrationForm@11f3b0c[email=<null>,firstName=<null>,lastName=<null>,signInProvider=<null>]
DEBUG: com.artreset.user.controller.RegistrationController - Validation errors found. Rendering form view.
DEBUG: org.springframework.test.web.servlet.TestDispatcherServlet - Rendering view [org.springframework.web.servlet.view.JstlView: name 'user/registrationForm'; URL [/WEB-INF/views/user/registrationForm.jsp]] in DispatcherServlet with name ''
DEBUG: org.springframework.mock.web.MockRequestDispatcher - MockRequestDispatcher: forwarding to [/WEB-INF/views/user/registrationForm.jsp]
DEBUG: org.springframework.test.web.servlet.TestDispatcherServlet - Successfully completed request
DEBUG: org.springframework.test.context.support.DirtiesContextTestExecutionListener - After test method: context [DefaultTestContext@19d1044 testClass = RegistrationControllerTest, testInstance = com.artreset.user.controller.RegistrationControllerTest@1917a2, testMethod = registerUserAccount_NormalRegistrationAndEmptyForm_ShouldRenderRegistrationFormWithValidationErrors@RegistrationControllerTest, testException = java.lang.AssertionError: Expected authentication to be <null> but was <Mock for Authentication, hashCode: 165228>., mergedContextConfiguration = [WebMergedContextConfiguration@11dd546 testClass = RegistrationControllerTest, locations = '{}', classes = '{class com.artreset.config.WebAppContext, class com.artreset.config.UnitTestContext}', contextInitializerClasses = '[]', activeProfiles = '{}', resourceBasePath = 'src/main/webapp', contextLoader = 'org.springframework.test.context.web.WebDelegatingSmartContextLoader', parent = [null]]], class dirties context [false], class mode [null], method dirties context [false].
DEBUG: org.springframework.test.context.web.ServletTestExecutionListener - Resetting RequestContextHolder for test context [DefaultTestContext@19d1044 testClass = RegistrationControllerTest, testInstance = com.artreset.user.controller.RegistrationControllerTest@1917a2, testMethod = registerUserAccount_NormalRegistrationAndEmptyForm_ShouldRenderRegistrationFormWithValidationErrors@RegistrationControllerTest, testException = java.lang.AssertionError: Expected authentication to be <null> but was <Mock for Authentication, hashCode: 165228>., mergedContextConfiguration = [WebMergedContextConfiguration@11dd546 testClass = RegistrationControllerTest, locations = '{}', classes = '{class com.artreset.config.WebAppContext, class com.artreset.config.UnitTestContext}', contextInitializerClasses = '[]', activeProfiles = '{}', resourceBasePath = 'src/main/webapp', contextLoader = 'org.springframework.test.context.web.WebDelegatingSmartContextLoader', parent = [null]]].
]]></system-out>
  </testcase>
</testsuite>